2015-05-29 18:29:34 Error: [MissingActionException] Action UsersController::index() could not be found.
Exception Attributes: array (
  'controller' => 'UsersController',
  'action' => 'index',
)
Request URL: /lynkd/users/
Stack Trace:
#0 /home/trigmaus/public_html/subdomains/dev114/dev4/lynkd/lib/Cake/Routing/Dispatcher.php(191): Controller->invokeAction(Object(CakeRequest))
#1 /home/trigmaus/public_html/subdomains/dev114/dev4/lynkd/lib/Cake/Routing/Dispatcher.php(165): Dispatcher->_invoke(Object(UsersController), Object(CakeRequest))
#2 /home/trigmaus/public_html/subdomains/dev114/dev4/lynkd/app/webroot/index.php(108): Dispatcher->dispatch(Object(CakeRequest), Object(CakeResponse))
#3 {main}
2015-05-29 18:29:41 Error: [MissingActionException] Action UsersController::<pre class=() could not be found.
Exception Attributes: array (
  'controller' => 'UsersController',
  'action' => '<pre class=',
)
Request URL: /lynkd/users/%3Cpre%20class=
Stack Trace:
#0 /home/trigmaus/public_html/subdomains/dev114/dev4/lynkd/lib/Cake/Routing/Dispatcher.php(191): Controller->invokeAction(Object(CakeRequest))
#1 /home/trigmaus/public_html/subdomains/dev114/dev4/lynkd/lib/Cake/Routing/Dispatcher.php(165): Dispatcher->_invoke(Object(UsersController), Object(CakeRequest))
#2 /home/trigmaus/public_html/subdomains/dev114/dev4/lynkd/app/webroot/index.php(108): Dispatcher->dispatch(Object(CakeRequest), Object(CakeResponse))
#3 {main}
2015-05-29 18:29:41 Error: [MissingControllerException] Controller class CssController could not be found.
Exception Attributes: array (
  'class' => 'CssController',
  'plugin' => NULL,
)
Request URL: /lynkd/css/front/images/ui-bg_flat_75_ffffff_40x100.png
Stack Trace:
#0 /home/trigmaus/public_html/subdomains/dev114/dev4/lynkd/app/webroot/index.php(108): Dispatcher->dispatch(Object(CakeRequest), Object(CakeResponse))
#1 {main}
2015-05-29 18:30:11 Error: [MissingControllerException] Controller class CssController could not be found.
Exception Attributes: array (
  'class' => 'CssController',
  'plugin' => NULL,
)
Request URL: /lynkd/css/front/images/ui-bg_flat_75_ffffff_40x100.png
Stack Trace:
#0 /home/trigmaus/public_html/subdomains/dev114/dev4/lynkd/app/webroot/index.php(108): Dispatcher->dispatch(Object(CakeRequest), Object(CakeResponse))
#1 {main}
2015-05-29 18:33:13 Error: [MissingControllerException] Controller class CssController could not be found.
Exception Attributes: array (
  'class' => 'CssController',
  'plugin' => NULL,
)
Request URL: /lynkd/css/front/images/ui-bg_flat_75_ffffff_40x100.png
Stack Trace:
#0 /home/trigmaus/public_html/subdomains/dev114/dev4/lynkd/app/webroot/index.php(108): Dispatcher->dispatch(Object(CakeRequest), Object(CakeResponse))
#1 {main}
2015-05-29 18:35:21 Error: [MissingControllerException] Controller class ProfileController could not be found.
Exception Attributes: array (
  'class' => 'ProfileController',
  'plugin' => NULL,
)
Request URL: /lynkd/profile
Stack Trace:
#0 /home/trigmaus/public_html/subdomains/dev114/dev4/lynkd/app/webroot/index.php(108): Dispatcher->dispatch(Object(CakeRequest), Object(CakeResponse))
#1 {main}
2015-05-29 18:35:29 Error: [MissingActionException] Action UsersController::<pre class=() could not be found.
Exception Attributes: array (
  'controller' => 'UsersController',
  'action' => '<pre class=',
)
Request URL: /lynkd/users/%3Cpre%20class=
Stack Trace:
#0 /home/trigmaus/public_html/subdomains/dev114/dev4/lynkd/lib/Cake/Routing/Dispatcher.php(191): Controller->invokeAction(Object(CakeRequest))
#1 /home/trigmaus/public_html/subdomains/dev114/dev4/lynkd/lib/Cake/Routing/Dispatcher.php(165): Dispatcher->_invoke(Object(UsersController), Object(CakeRequest))
#2 /home/trigmaus/public_html/subdomains/dev114/dev4/lynkd/app/webroot/index.php(108): Dispatcher->dispatch(Object(CakeRequest), Object(CakeResponse))
#3 {main}
2015-05-29 18:35:31 Error: [MissingControllerException] Controller class FilesController could not be found.
Exception Attributes: array (
  'class' => 'FilesController',
  'plugin' => NULL,
)
Request URL: /lynkd/files/blogimages/30INFOGRAPHICS.jpg
Stack Trace:
#0 /home/trigmaus/public_html/subdomains/dev114/dev4/lynkd/app/webroot/index.php(108): Dispatcher->dispatch(Object(CakeRequest), Object(CakeResponse))
#1 {main}
2015-05-29 18:38:41 Error: [MissingControllerException] Controller class FilesController could not be found.
Exception Attributes: array (
  'class' => 'FilesController',
  'plugin' => NULL,
)
Request URL: /lynkd/files/blogimages/30INFOGRAPHICS.jpg
Stack Trace:
#0 /home/trigmaus/public_html/subdomains/dev114/dev4/lynkd/app/webroot/index.php(108): Dispatcher->dispatch(Object(CakeRequest), Object(CakeResponse))
#1 {main}
2015-05-29 18:39:09 Error: [MissingControllerException] Controller class FilesController could not be found.
Exception Attributes: array (
  'class' => 'FilesController',
  'plugin' => NULL,
)
Request URL: /lynkd/files/blogimages/30INFOGRAPHICS.jpg
Stack Trace:
#0 /home/trigmaus/public_html/subdomains/dev114/dev4/lynkd/app/webroot/index.php(108): Dispatcher->dispatch(Object(CakeRequest), Object(CakeResponse))
#1 {main}
2015-05-29 18:40:43 Error: [MissingControllerException] Controller class FilesController could not be found.
Exception Attributes: array (
  'class' => 'FilesController',
  'plugin' => NULL,
)
Request URL: /lynkd/files/blogimages/30INFOGRAPHICS.jpg
Stack Trace:
#0 /home/trigmaus/public_html/subdomains/dev114/dev4/lynkd/app/webroot/index.php(108): Dispatcher->dispatch(Object(CakeRequest), Object(CakeResponse))
#1 {main}
2015-05-29 18:40:43 Error: [MissingControllerException] Controller class FilesController could not be found.
Exception Attributes: array (
  'class' => 'FilesController',
  'plugin' => NULL,
)
Request URL: /lynkd/files/blogimages/433d-animated-wallpaper.gif
Stack Trace:
#0 /home/trigmaus/public_html/subdomains/dev114/dev4/lynkd/app/webroot/index.php(108): Dispatcher->dispatch(Object(CakeRequest), Object(CakeResponse))
#1 {main}
2015-05-29 18:42:22 Error: [MissingControllerException] Controller class FilesController could not be found.
Exception Attributes: array (
  'class' => 'FilesController',
  'plugin' => NULL,
)
Request URL: /lynkd/files/blogimages/43animated%20wallpapers%20for%20mobile%205.png
Stack Trace:
#0 /home/trigmaus/public_html/subdomains/dev114/dev4/lynkd/app/webroot/index.php(108): Dispatcher->dispatch(Object(CakeRequest), Object(CakeResponse))
#1 {main}
2015-05-29 18:42:22 Error: [MissingControllerException] Controller class FilesController could not be found.
Exception Attributes: array (
  'class' => 'FilesController',
  'plugin' => NULL,
)
Request URL: /lynkd/files/blogimages/433d-animated-wallpaper.gif
Stack Trace:
#0 /home/trigmaus/public_html/subdomains/dev114/dev4/lynkd/app/webroot/index.php(108): Dispatcher->dispatch(Object(CakeRequest), Object(CakeResponse))
#1 {main}
2015-05-29 18:42:25 Error: [MissingControllerException] Controller class FilesController could not be found.
Exception Attributes: array (
  'class' => 'FilesController',
  'plugin' => NULL,
)
Request URL: /lynkd/files/blogimages/30INFOGRAPHICS.jpg
Stack Trace:
#0 /home/trigmaus/public_html/subdomains/dev114/dev4/lynkd/app/webroot/index.php(108): Dispatcher->dispatch(Object(CakeRequest), Object(CakeResponse))
#1 {main}
2015-05-29 18:42:32 Error: [MissingControllerException] Controller class CssController could not be found.
Exception Attributes: array (
  'class' => 'CssController',
  'plugin' => NULL,
)
Request URL: /lynkd/css/front/images/ui-bg_flat_75_ffffff_40x100.png
Stack Trace:
#0 /home/trigmaus/public_html/subdomains/dev114/dev4/lynkd/app/webroot/index.php(108): Dispatcher->dispatch(Object(CakeRequest), Object(CakeResponse))
#1 {main}
2015-05-29 18:42:36 Error: [MissingControllerException] Controller class FilesController could not be found.
Exception Attributes: array (
  'class' => 'FilesController',
  'plugin' => NULL,
)
Request URL: /lynkd/files/blogimages/433d-animated-wallpaper.gif
Stack Trace:
#0 /home/trigmaus/public_html/subdomains/dev114/dev4/lynkd/app/webroot/index.php(108): Dispatcher->dispatch(Object(CakeRequest), Object(CakeResponse))
#1 {main}
2015-05-29 18:42:36 Error: [MissingControllerException] Controller class FilesController could not be found.
Exception Attributes: array (
  'class' => 'FilesController',
  'plugin' => NULL,
)
Request URL: /lynkd/files/blogimages/30INFOGRAPHICS.jpg
Stack Trace:
#0 /home/trigmaus/public_html/subdomains/dev114/dev4/lynkd/app/webroot/index.php(108): Dispatcher->dispatch(Object(CakeRequest), Object(CakeResponse))
#1 {main}
2015-05-29 18:52:05 Error: [MissingControllerException] Controller class FilesController could not be found.
Exception Attributes: array (
  'class' => 'FilesController',
  'plugin' => NULL,
)
Request URL: /lynkd/files/blogimages/433d-animated-wallpaper.gif
Stack Trace:
#0 /home/trigmaus/public_html/subdomains/dev114/dev4/lynkd/app/webroot/index.php(108): Dispatcher->dispatch(Object(CakeRequest), Object(CakeResponse))
#1 {main}
2015-05-29 18:52:05 Error: [MissingControllerException] Controller class FilesController could not be found.
Exception Attributes: array (
  'class' => 'FilesController',
  'plugin' => NULL,
)
Request URL: /lynkd/files/blogimages/30INFOGRAPHICS.jpg
Stack Trace:
#0 /home/trigmaus/public_html/subdomains/dev114/dev4/lynkd/app/webroot/index.php(108): Dispatcher->dispatch(Object(CakeRequest), Object(CakeResponse))
#1 {main}
2015-05-29 18:52:38 Error: [MissingControllerException] Controller class FilesController could not be found.
Exception Attributes: array (
  'class' => 'FilesController',
  'plugin' => NULL,
)
Request URL: /lynkd/files/blogimages/433d-animated-wallpaper.gif
Stack Trace:
#0 /home/trigmaus/public_html/subdomains/dev114/dev4/lynkd/app/webroot/index.php(108): Dispatcher->dispatch(Object(CakeRequest), Object(CakeResponse))
#1 {main}
2015-05-29 18:52:38 Error: [MissingControllerException] Controller class FilesController could not be found.
Exception Attributes: array (
  'class' => 'FilesController',
  'plugin' => NULL,
)
Request URL: /lynkd/files/blogimages/30INFOGRAPHICS.jpg
Stack Trace:
#0 /home/trigmaus/public_html/subdomains/dev114/dev4/lynkd/app/webroot/index.php(108): Dispatcher->dispatch(Object(CakeRequest), Object(CakeResponse))
#1 {main}
2015-05-29 18:53:07 Error: [MissingControllerException] Controller class FilesController could not be found.
Exception Attributes: array (
  'class' => 'FilesController',
  'plugin' => NULL,
)
Request URL: /lynkd/files/blogimages/30INFOGRAPHICS.jpg
Stack Trace:
#0 /home/trigmaus/public_html/subdomains/dev114/dev4/lynkd/app/webroot/index.php(108): Dispatcher->dispatch(Object(CakeRequest), Object(CakeResponse))
#1 {main}
2015-05-29 18:53:07 Error: [MissingControllerException] Controller class FilesController could not be found.
Exception Attributes: array (
  'class' => 'FilesController',
  'plugin' => NULL,
)
Request URL: /lynkd/files/blogimages/433d-animated-wallpaper.gif
Stack Trace:
#0 /home/trigmaus/public_html/subdomains/dev114/dev4/lynkd/app/webroot/index.php(108): Dispatcher->dispatch(Object(CakeRequest), Object(CakeResponse))
#1 {main}
2015-05-29 18:58:37 Error: [MissingControllerException] Controller class FilesController could not be found.
Exception Attributes: array (
  'class' => 'FilesController',
  'plugin' => NULL,
)
Request URL: /lynkd/files/blogimages/30INFOGRAPHICS.jpg
Stack Trace:
#0 /home/trigmaus/public_html/subdomains/dev114/dev4/lynkd/app/webroot/index.php(108): Dispatcher->dispatch(Object(CakeRequest), Object(CakeResponse))
#1 {main}
2015-05-29 18:58:37 Error: [MissingControllerException] Controller class FilesController could not be found.
Exception Attributes: array (
  'class' => 'FilesController',
  'plugin' => NULL,
)
Request URL: /lynkd/files/blogimages/433d-animated-wallpaper.gif
Stack Trace:
#0 /home/trigmaus/public_html/subdomains/dev114/dev4/lynkd/app/webroot/index.php(108): Dispatcher->dispatch(Object(CakeRequest), Object(CakeResponse))
#1 {main}
2015-05-29 18:59:24 Error: [MissingControllerException] Controller class FilesController could not be found.
Exception Attributes: array (
  'class' => 'FilesController',
  'plugin' => NULL,
)
Request URL: /lynkd/files/blogimages/30INFOGRAPHICS.jpg
Stack Trace:
#0 /home/trigmaus/public_html/subdomains/dev114/dev4/lynkd/app/webroot/index.php(108): Dispatcher->dispatch(Object(CakeRequest), Object(CakeResponse))
#1 {main}
2015-05-29 18:59:24 Error: [MissingControllerException] Controller class FilesController could not be found.
Exception Attributes: array (
  'class' => 'FilesController',
  'plugin' => NULL,
)
Request URL: /lynkd/files/blogimages/433d-animated-wallpaper.gif
Stack Trace:
#0 /home/trigmaus/public_html/subdomains/dev114/dev4/lynkd/app/webroot/index.php(108): Dispatcher->dispatch(Object(CakeRequest), Object(CakeResponse))
#1 {main}
2015-05-29 19:00:42 Error: [MissingControllerException] Controller class FilesController could not be found.
Exception Attributes: array (
  'class' => 'FilesController',
  'plugin' => NULL,
)
Request URL: /lynkd/files/blogimages/433d-animated-wallpaper.gif
Stack Trace:
#0 /home/trigmaus/public_html/subdomains/dev114/dev4/lynkd/app/webroot/index.php(108): Dispatcher->dispatch(Object(CakeRequest), Object(CakeResponse))
#1 {main}
2015-05-29 19:00:42 Error: [MissingControllerException] Controller class FilesController could not be found.
Exception Attributes: array (
  'class' => 'FilesController',
  'plugin' => NULL,
)
Request URL: /lynkd/files/blogimages/30INFOGRAPHICS.jpg
Stack Trace:
#0 /home/trigmaus/public_html/subdomains/dev114/dev4/lynkd/app/webroot/index.php(108): Dispatcher->dispatch(Object(CakeRequest), Object(CakeResponse))
#1 {main}
2015-05-29 19:01:06 Error: [MissingControllerException] Controller class FilesController could not be found.
Exception Attributes: array (
  'class' => 'FilesController',
  'plugin' => NULL,
)
Request URL: /lynkd/files/blogimages/30INFOGRAPHICS.jpg
Stack Trace:
#0 /home/trigmaus/public_html/subdomains/dev114/dev4/lynkd/app/webroot/index.php(108): Dispatcher->dispatch(Object(CakeRequest), Object(CakeResponse))
#1 {main}
2015-05-29 19:01:06 Error: [MissingControllerException] Controller class FilesController could not be found.
Exception Attributes: array (
  'class' => 'FilesController',
  'plugin' => NULL,
)
Request URL: /lynkd/files/blogimages/433d-animated-wallpaper.gif
Stack Trace:
#0 /home/trigmaus/public_html/subdomains/dev114/dev4/lynkd/app/webroot/index.php(108): Dispatcher->dispatch(Object(CakeRequest), Object(CakeResponse))
#1 {main}
2015-05-29 19:03:05 Error: [MissingControllerException] Controller class FilesController could not be found.
Exception Attributes: array (
  'class' => 'FilesController',
  'plugin' => NULL,
)
Request URL: /lynkd/files/blogimages/433d-animated-wallpaper.gif
Stack Trace:
#0 /home/trigmaus/public_html/subdomains/dev114/dev4/lynkd/app/webroot/index.php(108): Dispatcher->dispatch(Object(CakeRequest), Object(CakeResponse))
#1 {main}
2015-05-29 19:03:05 Error: [MissingControllerException] Controller class FilesController could not be found.
Exception Attributes: array (
  'class' => 'FilesController',
  'plugin' => NULL,
)
Request URL: /lynkd/files/blogimages/30INFOGRAPHICS.jpg
Stack Trace:
#0 /home/trigmaus/public_html/subdomains/dev114/dev4/lynkd/app/webroot/index.php(108): Dispatcher->dispatch(Object(CakeRequest), Object(CakeResponse))
#1 {main}
2015-05-29 19:03:42 Error: [MissingControllerException] Controller class FilesController could not be found.
Exception Attributes: array (
  'class' => 'FilesController',
  'plugin' => NULL,
)
Request URL: /lynkd/files/blogimages/433d-animated-wallpaper.gif
Stack Trace:
#0 /home/trigmaus/public_html/subdomains/dev114/dev4/lynkd/app/webroot/index.php(108): Dispatcher->dispatch(Object(CakeRequest), Object(CakeResponse))
#1 {main}
2015-05-29 19:03:42 Error: [MissingControllerException] Controller class FilesController could not be found.
Exception Attributes: array (
  'class' => 'FilesController',
  'plugin' => NULL,
)
Request URL: /lynkd/files/blogimages/43animated%20wallpapers%20for%20mobile%205.png
Stack Trace:
#0 /home/trigmaus/public_html/subdomains/dev114/dev4/lynkd/app/webroot/index.php(108): Dispatcher->dispatch(Object(CakeRequest), Object(CakeResponse))
#1 {main}
2015-05-29 19:03:43 Error: [MissingControllerException] Controller class FilesController could not be found.
Exception Attributes: array (
  'class' => 'FilesController',
  'plugin' => NULL,
)
Request URL: /lynkd/files/blogimages/433d-animated-wallpaper.gif
Stack Trace:
#0 /home/trigmaus/public_html/subdomains/dev114/dev4/lynkd/app/webroot/index.php(108): Dispatcher->dispatch(Object(CakeRequest), Object(CakeResponse))
#1 {main}
2015-05-29 19:03:43 Error: [MissingControllerException] Controller class FilesController could not be found.
Exception Attributes: array (
  'class' => 'FilesController',
  'plugin' => NULL,
)
Request URL: /lynkd/files/blogimages/30INFOGRAPHICS.jpg
Stack Trace:
#0 /home/trigmaus/public_html/subdomains/dev114/dev4/lynkd/app/webroot/index.php(108): Dispatcher->dispatch(Object(CakeRequest), Object(CakeResponse))
#1 {main}
2015-05-29 19:03:59 Error: [MissingControllerException] Controller class FilesController could not be found.
Exception Attributes: array (
  'class' => 'FilesController',
  'plugin' => NULL,
)
Request URL: /lynkd/files/blogimages/433d-animated-wallpaper.gif
Stack Trace:
#0 /home/trigmaus/public_html/subdomains/dev114/dev4/lynkd/app/webroot/index.php(108): Dispatcher->dispatch(Object(CakeRequest), Object(CakeResponse))
#1 {main}
2015-05-29 19:03:59 Error: [MissingControllerException] Controller class FilesController could not be found.
Exception Attributes: array (
  'class' => 'FilesController',
  'plugin' => NULL,
)
Request URL: /lynkd/files/blogimages/30INFOGRAPHICS.jpg
Stack Trace:
#0 /home/trigmaus/public_html/subdomains/dev114/dev4/lynkd/app/webroot/index.php(108): Dispatcher->dispatch(Object(CakeRequest), Object(CakeResponse))
#1 {main}
2015-05-29 19:05:08 Error: [MissingControllerException] Controller class FilesController could not be found.
Exception Attributes: array (
  'class' => 'FilesController',
  'plugin' => NULL,
)
Request URL: /lynkd/files/blogimages/433d-animated-wallpaper.gif
Stack Trace:
#0 /home/trigmaus/public_html/subdomains/dev114/dev4/lynkd/app/webroot/index.php(108): Dispatcher->dispatch(Object(CakeRequest), Object(CakeResponse))
#1 {main}
2015-05-29 19:05:08 Error: [MissingControllerException] Controller class FilesController could not be found.
Exception Attributes: array (
  'class' => 'FilesController',
  'plugin' => NULL,
)
Request URL: /lynkd/files/blogimages/43animated%20wallpapers%20for%20mobile%205.png
Stack Trace:
#0 /home/trigmaus/public_html/subdomains/dev114/dev4/lynkd/app/webroot/index.php(108): Dispatcher->dispatch(Object(CakeRequest), Object(CakeResponse))
#1 {main}
2015-05-29 19:07:02 Error: [MissingControllerException] Controller class CssController could not be found.
Exception Attributes: array (
  'class' => 'CssController',
  'plugin' => NULL,
)
Request URL: /lynkd/css/front/images/ui-bg_flat_75_ffffff_40x100.png
Stack Trace:
#0 /home/trigmaus/public_html/subdomains/dev114/dev4/lynkd/app/webroot/index.php(108): Dispatcher->dispatch(Object(CakeRequest), Object(CakeResponse))
#1 {main}
2015-05-29 19:12:33 Error: [MissingControllerException] Controller class FilesController could not be found.
Exception Attributes: array (
  'class' => 'FilesController',
  'plugin' => NULL,
)
Request URL: /lynkd/files/blogimages/30INFOGRAPHICS.jpg
Stack Trace:
#0 /home/trigmaus/public_html/subdomains/dev114/dev4/lynkd/app/webroot/index.php(108): Dispatcher->dispatch(Object(CakeRequest), Object(CakeResponse))
#1 {main}
2015-05-29 19:12:33 Error: [MissingControllerException] Controller class FilesController could not be found.
Exception Attributes: array (
  'class' => 'FilesController',
  'plugin' => NULL,
)
Request URL: /lynkd/files/blogimages/433d-animated-wallpaper.gif
Stack Trace:
#0 /home/trigmaus/public_html/subdomains/dev114/dev4/lynkd/app/webroot/index.php(108): Dispatcher->dispatch(Object(CakeRequest), Object(CakeResponse))
#1 {main}
2015-05-29 19:22:47 Error: [PDOException] SQLSTATE[42000]: Syntax error or access violation: 1064 You have an error in your SQL syntax; check the manual that corresponds to your MySQL server version for the right syntax to use near '' at line 1
Request URL: /lynkd/Chats/getchat
Stack Trace:
#0 /home/trigmaus/public_html/subdomains/dev114/dev4/lynkd/lib/Cake/Model/Datasource/DboSource.php(458): PDOStatement->execute(Array)
#1 /home/trigmaus/public_html/subdomains/dev114/dev4/lynkd/lib/Cake/Model/Datasource/DboSource.php(424): DboSource->_execute('SELECT * FROM `...', Array)
#2 /home/trigmaus/public_html/subdomains/dev114/dev4/lynkd/lib/Cake/Model/Datasource/DboSource.php(666): DboSource->execute('SELECT * FROM `...', Array, Array)
#3 /home/trigmaus/public_html/subdomains/dev114/dev4/lynkd/lib/Cake/Model/Datasource/DboSource.php(537): DboSource->fetchAll('SELECT * FROM `...')
#4 [internal function]: DboSource->query('SELECT * FROM `...')
#5 /home/trigmaus/public_html/subdomains/dev114/dev4/lynkd/lib/Cake/Model/Model.php(3369): call_user_func_array(Array, Array)
#6 /home/trigmaus/public_html/subdomains/dev114/dev4/lynkd/app/Controller/ChatsController.php(207): Model->query('SELECT * FROM `...')
#7 [internal function]: ChatsController->getchat()
#8 /home/trigmaus/public_html/subdomains/dev114/dev4/lynkd/lib/Cake/Controller/Controller.php(490): ReflectionMethod->invokeArgs(Object(ChatsController), Array)
#9 /home/trigmaus/public_html/subdomains/dev114/dev4/lynkd/lib/Cake/Routing/Dispatcher.php(191): Controller->invokeAction(Object(CakeRequest))
#10 /home/trigmaus/public_html/subdomains/dev114/dev4/lynkd/lib/Cake/Routing/Dispatcher.php(165): Dispatcher->_invoke(Object(ChatsController), Object(CakeRequest))
#11 /home/trigmaus/public_html/subdomains/dev114/dev4/lynkd/app/webroot/index.php(108): Dispatcher->dispatch(Object(CakeRequest), Object(CakeResponse))
#12 {main}
2015-05-29 19:22:48 Error: [PDOException] SQLSTATE[42000]: Syntax error or access violation: 1064 You have an error in your SQL syntax; check the manual that corresponds to your MySQL server version for the right syntax to use near '' at line 1
Request URL: /lynkd/Chats/getchat
Stack Trace:
#0 /home/trigmaus/public_html/subdomains/dev114/dev4/lynkd/lib/Cake/Model/Datasource/DboSource.php(458): PDOStatement->execute(Array)
#1 /home/trigmaus/public_html/subdomains/dev114/dev4/lynkd/lib/Cake/Model/Datasource/DboSource.php(424): DboSource->_execute('SELECT * FROM `...', Array)
#2 /home/trigmaus/public_html/subdomains/dev114/dev4/lynkd/lib/Cake/Model/Datasource/DboSource.php(666): DboSource->execute('SELECT * FROM `...', Array, Array)
#3 /home/trigmaus/public_html/subdomains/dev114/dev4/lynkd/lib/Cake/Model/Datasource/DboSource.php(537): DboSource->fetchAll('SELECT * FROM `...')
#4 [internal function]: DboSource->query('SELECT * FROM `...')
#5 /home/trigmaus/public_html/subdomains/dev114/dev4/lynkd/lib/Cake/Model/Model.php(3369): call_user_func_array(Array, Array)
#6 /home/trigmaus/public_html/subdomains/dev114/dev4/lynkd/app/Controller/ChatsController.php(207): Model->query('SELECT * FROM `...')
#7 [internal function]: ChatsController->getchat()
#8 /home/trigmaus/public_html/subdomains/dev114/dev4/lynkd/lib/Cake/Controller/Controller.php(490): ReflectionMethod->invokeArgs(Object(ChatsController), Array)
#9 /home/trigmaus/public_html/subdomains/dev114/dev4/lynkd/lib/Cake/Routing/Dispatcher.php(191): Controller->invokeAction(Object(CakeRequest))
#10 /home/trigmaus/public_html/subdomains/dev114/dev4/lynkd/lib/Cake/Routing/Dispatcher.php(165): Dispatcher->_invoke(Object(ChatsController), Object(CakeRequest))
#11 /home/trigmaus/public_html/subdomains/dev114/dev4/lynkd/app/webroot/index.php(108): Dispatcher->dispatch(Object(CakeRequest), Object(CakeResponse))
#12 {main}
2015-05-29 19:30:39 Error: [MissingControllerException] Controller class FilesController could not be found.
Exception Attributes: array (
  'class' => 'FilesController',
  'plugin' => NULL,
)
Request URL: /lynkd/files/blogimages/433d-animated-wallpaper.gif
Stack Trace:
#0 /home/trigmaus/public_html/subdomains/dev114/dev4/lynkd/app/webroot/index.php(108): Dispatcher->dispatch(Object(CakeRequest), Object(CakeResponse))
#1 {main}
2015-05-29 19:30:39 Error: [MissingControllerException] Controller class FilesController could not be found.
Exception Attributes: array (
  'class' => 'FilesController',
  'plugin' => NULL,
)
Request URL: /lynkd/files/blogimages/30INFOGRAPHICS.jpg
Stack Trace:
#0 /home/trigmaus/public_html/subdomains/dev114/dev4/lynkd/app/webroot/index.php(108): Dispatcher->dispatch(Object(CakeRequest), Object(CakeResponse))
#1 {main}
2015-05-29 19:32:16 Error: [MissingControllerException] Controller class FilesController could not be found.
Exception Attributes: array (
  'class' => 'FilesController',
  'plugin' => NULL,
)
Request URL: /lynkd/files/blogimages/30INFOGRAPHICS.jpg
Stack Trace:
#0 /home/trigmaus/public_html/subdomains/dev114/dev4/lynkd/app/webroot/index.php(108): Dispatcher->dispatch(Object(CakeRequest), Object(CakeResponse))
#1 {main}
2015-05-29 19:32:16 Error: [MissingControllerException] Controller class FilesController could not be found.
Exception Attributes: array (
  'class' => 'FilesController',
  'plugin' => NULL,
)
Request URL: /lynkd/files/blogimages/433d-animated-wallpaper.gif
Stack Trace:
#0 /home/trigmaus/public_html/subdomains/dev114/dev4/lynkd/app/webroot/index.php(108): Dispatcher->dispatch(Object(CakeRequest), Object(CakeResponse))
#1 {main}
2015-05-29 19:34:37 Error: [MissingControllerException] Controller class FilesController could not be found.
Exception Attributes: array (
  'class' => 'FilesController',
  'plugin' => NULL,
)
Request URL: /lynkd/files/blogimages/433d-animated-wallpaper.gif
Stack Trace:
#0 /home/trigmaus/public_html/subdomains/dev114/dev4/lynkd/app/webroot/index.php(108): Dispatcher->dispatch(Object(CakeRequest), Object(CakeResponse))
#1 {main}
2015-05-29 19:34:38 Error: [MissingControllerException] Controller class FilesController could not be found.
Exception Attributes: array (
  'class' => 'FilesController',
  'plugin' => NULL,
)
Request URL: /lynkd/files/blogimages/30INFOGRAPHICS.jpg
Stack Trace:
#0 /home/trigmaus/public_html/subdomains/dev114/dev4/lynkd/app/webroot/index.php(108): Dispatcher->dispatch(Object(CakeRequest), Object(CakeResponse))
#1 {main}
2015-05-29 19:36:29 Error: [MissingControllerException] Controller class FilesController could not be found.
Exception Attributes: array (
  'class' => 'FilesController',
  'plugin' => NULL,
)
Request URL: /lynkd/files/blogimages/30INFOGRAPHICS.jpg
Stack Trace:
#0 /home/trigmaus/public_html/subdomains/dev114/dev4/lynkd/app/webroot/index.php(108): Dispatcher->dispatch(Object(CakeRequest), Object(CakeResponse))
#1 {main}
2015-05-29 19:36:29 Error: [MissingControllerException] Controller class FilesController could not be found.
Exception Attributes: array (
  'class' => 'FilesController',
  'plugin' => NULL,
)
Request URL: /lynkd/files/blogimages/433d-animated-wallpaper.gif
Stack Trace:
#0 /home/trigmaus/public_html/subdomains/dev114/dev4/lynkd/app/webroot/index.php(108): Dispatcher->dispatch(Object(CakeRequest), Object(CakeResponse))
#1 {main}
2015-05-29 19:41:30 Error: [MissingControllerException] Controller class FilesController could not be found.
Exception Attributes: array (
  'class' => 'FilesController',
  'plugin' => NULL,
)
Request URL: /lynkd/files/blogimages/433d-animated-wallpaper.gif
Stack Trace:
#0 /home/trigmaus/public_html/subdomains/dev114/dev4/lynkd/app/webroot/index.php(108): Dispatcher->dispatch(Object(CakeRequest), Object(CakeResponse))
#1 {main}
2015-05-29 19:41:30 Error: [MissingControllerException] Controller class FilesController could not be found.
Exception Attributes: array (
  'class' => 'FilesController',
  'plugin' => NULL,
)
Request URL: /lynkd/files/blogimages/30INFOGRAPHICS.jpg
Stack Trace:
#0 /home/trigmaus/public_html/subdomains/dev114/dev4/lynkd/app/webroot/index.php(108): Dispatcher->dispatch(Object(CakeRequest), Object(CakeResponse))
#1 {main}
2015-05-29 19:41:36 Error: [MissingControllerException] Controller class FilesController could not be found.
Exception Attributes: array (
  'class' => 'FilesController',
  'plugin' => NULL,
)
Request URL: /lynkd/files/blogimages/433d-animated-wallpaper.gif
Stack Trace:
#0 /home/trigmaus/public_html/subdomains/dev114/dev4/lynkd/app/webroot/index.php(108): Dispatcher->dispatch(Object(CakeRequest), Object(CakeResponse))
#1 {main}
2015-05-29 19:41:36 Error: [MissingControllerException] Controller class FilesController could not be found.
Exception Attributes: array (
  'class' => 'FilesController',
  'plugin' => NULL,
)
Request URL: /lynkd/files/blogimages/30INFOGRAPHICS.jpg
Stack Trace:
#0 /home/trigmaus/public_html/subdomains/dev114/dev4/lynkd/app/webroot/index.php(108): Dispatcher->dispatch(Object(CakeRequest), Object(CakeResponse))
#1 {main}
2015-05-29 19:42:12 Error: [MissingControllerException] Controller class FilesController could not be found.
Exception Attributes: array (
  'class' => 'FilesController',
  'plugin' => NULL,
)
Request URL: /lynkd/files/blogimages/433d-animated-wallpaper.gif
Stack Trace:
#0 /home/trigmaus/public_html/subdomains/dev114/dev4/lynkd/app/webroot/index.php(108): Dispatcher->dispatch(Object(CakeRequest), Object(CakeResponse))
#1 {main}
2015-05-29 19:42:12 Error: [MissingControllerException] Controller class FilesController could not be found.
Exception Attributes: array (
  'class' => 'FilesController',
  'plugin' => NULL,
)
Request URL: /lynkd/files/blogimages/30INFOGRAPHICS.jpg
Stack Trace:
#0 /home/trigmaus/public_html/subdomains/dev114/dev4/lynkd/app/webroot/index.php(108): Dispatcher->dispatch(Object(CakeRequest), Object(CakeResponse))
#1 {main}
2015-05-29 20:37:45 Error: [MissingControllerException] Controller class FilesController could not be found.
Exception Attributes: array (
  'class' => 'FilesController',
  'plugin' => NULL,
)
Request URL: /lynkd/files/blogimages/43animated%20wallpapers%20for%20mobile%205.png
Stack Trace:
#0 /home/trigmaus/public_html/subdomains/dev114/dev4/lynkd/app/webroot/index.php(108): Dispatcher->dispatch(Object(CakeRequest), Object(CakeResponse))
#1 {main}
2015-05-29 20:37:45 Error: [MissingControllerException] Controller class FilesController could not be found.
Exception Attributes: array (
  'class' => 'FilesController',
  'plugin' => NULL,
)
Request URL: /lynkd/files/blogimages/433d-animated-wallpaper.gif
Stack Trace:
#0 /home/trigmaus/public_html/subdomains/dev114/dev4/lynkd/app/webroot/index.php(108): Dispatcher->dispatch(Object(CakeRequest), Object(CakeResponse))
#1 {main}
2015-05-29 20:37:51 Error: [MissingControllerException] Controller class FilesController could not be found.
Exception Attributes: array (
  'class' => 'FilesController',
  'plugin' => NULL,
)
Request URL: /lynkd/files/blogimages/30INFOGRAPHICS.jpg
Stack Trace:
#0 /home/trigmaus/public_html/subdomains/dev114/dev4/lynkd/app/webroot/index.php(108): Dispatcher->dispatch(Object(CakeRequest), Object(CakeResponse))
#1 {main}
2015-05-29 20:37:59 Error: [MissingControllerException] Controller class CssController could not be found.
Exception Attributes: array (
  'class' => 'CssController',
  'plugin' => NULL,
)
Request URL: /lynkd/css/front/images/ui-bg_flat_75_ffffff_40x100.png
Stack Trace:
#0 /home/trigmaus/public_html/subdomains/dev114/dev4/lynkd/app/webroot/index.php(108): Dispatcher->dispatch(Object(CakeRequest), Object(CakeResponse))
#1 {main}
2015-05-29 20:38:04 Error: [MissingControllerException] Controller class FilesController could not be found.
Exception Attributes: array (
  'class' => 'FilesController',
  'plugin' => NULL,
)
Request URL: /lynkd/files/blogimages/43animated%20wallpapers%20for%20mobile%205.png
Stack Trace:
#0 /home/trigmaus/public_html/subdomains/dev114/dev4/lynkd/app/webroot/index.php(108): Dispatcher->dispatch(Object(CakeRequest), Object(CakeResponse))
#1 {main}
2015-05-29 20:38:05 Error: [MissingControllerException] Controller class FilesController could not be found.
Exception Attributes: array (
  'class' => 'FilesController',
  'plugin' => NULL,
)
Request URL: /lynkd/files/blogimages/433d-animated-wallpaper.gif
Stack Trace:
#0 /home/trigmaus/public_html/subdomains/dev114/dev4/lynkd/app/webroot/index.php(108): Dispatcher->dispatch(Object(CakeRequest), Object(CakeResponse))
#1 {main}
2015-05-29 20:38:07 Error: [MissingControllerException] Controller class FilesController could not be found.
Exception Attributes: array (
  'class' => 'FilesController',
  'plugin' => NULL,
)
Request URL: /lynkd/files/blogimages/30INFOGRAPHICS.jpg
Stack Trace:
#0 /home/trigmaus/public_html/subdomains/dev114/dev4/lynkd/app/webroot/index.php(108): Dispatcher->dispatch(Object(CakeRequest), Object(CakeResponse))
#1 {main}
2015-05-29 20:47:17 Error: [MissingControllerException] Controller class FilesController could not be found.
Exception Attributes: array (
  'class' => 'FilesController',
  'plugin' => NULL,
)
Request URL: /lynkd/files/blogimages/43animated%20wallpapers%20for%20mobile%205.png
Stack Trace:
#0 /home/trigmaus/public_html/subdomains/dev114/dev4/lynkd/app/webroot/index.php(108): Dispatcher->dispatch(Object(CakeRequest), Object(CakeResponse))
#1 {main}
2015-05-29 20:47:17 Error: [MissingControllerException] Controller class FilesController could not be found.
Exception Attributes: array (
  'class' => 'FilesController',
  'plugin' => NULL,
)
Request URL: /lynkd/files/blogimages/433d-animated-wallpaper.gif
Stack Trace:
#0 /home/trigmaus/public_html/subdomains/dev114/dev4/lynkd/app/webroot/index.php(108): Dispatcher->dispatch(Object(CakeRequest), Object(CakeResponse))
#1 {main}
2015-05-29 20:47:20 Error: [MissingControllerException] Controller class FilesController could not be found.
Exception Attributes: array (
  'class' => 'FilesController',
  'plugin' => NULL,
)
Request URL: /lynkd/files/blogimages/30INFOGRAPHICS.jpg
Stack Trace:
#0 /home/trigmaus/public_html/subdomains/dev114/dev4/lynkd/app/webroot/index.php(108): Dispatcher->dispatch(Object(CakeRequest), Object(CakeResponse))
#1 {main}
2015-05-29 20:48:08 Error: [MissingControllerException] Controller class CssController could not be found.
Exception Attributes: array (
  'class' => 'CssController',
  'plugin' => NULL,
)
Request URL: /lynkd/css/front/images/ui-bg_flat_75_ffffff_40x100.png
Stack Trace:
#0 /home/trigmaus/public_html/subdomains/dev114/dev4/lynkd/app/webroot/index.php(108): Dispatcher->dispatch(Object(CakeRequest), Object(CakeResponse))
#1 {main}
2015-05-29 20:48:32 Error: [MissingControllerException] Controller class FilesController could not be found.
Exception Attributes: array (
  'class' => 'FilesController',
  'plugin' => NULL,
)
Request URL: /lynkd/files/blogimages/43animated%20wallpapers%20for%20mobile%205.png
Stack Trace:
#0 /home/trigmaus/public_html/subdomains/dev114/dev4/lynkd/app/webroot/index.php(108): Dispatcher->dispatch(Object(CakeRequest), Object(CakeResponse))
#1 {main}
2015-05-29 20:48:32 Error: [MissingControllerException] Controller class FilesController could not be found.
Exception Attributes: array (
  'class' => 'FilesController',
  'plugin' => NULL,
)
Request URL: /lynkd/files/blogimages/433d-animated-wallpaper.gif
Stack Trace:
#0 /home/trigmaus/public_html/subdomains/dev114/dev4/lynkd/app/webroot/index.php(108): Dispatcher->dispatch(Object(CakeRequest), Object(CakeResponse))
#1 {main}
2015-05-29 20:48:35 Error: [MissingControllerException] Controller class FilesController could not be found.
Exception Attributes: array (
  'class' => 'FilesController',
  'plugin' => NULL,
)
Request URL: /lynkd/files/blogimages/30INFOGRAPHICS.jpg
Stack Trace:
#0 /home/trigmaus/public_html/subdomains/dev114/dev4/lynkd/app/webroot/index.php(108): Dispatcher->dispatch(Object(CakeRequest), Object(CakeResponse))
#1 {main}
2015-05-29 20:48:38 Error: [MissingControllerException] Controller class CssController could not be found.
Exception Attributes: array (
  'class' => 'CssController',
  'plugin' => NULL,
)
Request URL: /lynkd/css/front/images/ui-bg_flat_75_ffffff_40x100.png
Stack Trace:
#0 /home/trigmaus/public_html/subdomains/dev114/dev4/lynkd/app/webroot/index.php(108): Dispatcher->dispatch(Object(CakeRequest), Object(CakeResponse))
#1 {main}
2015-05-29 20:48:49 Error: [MissingControllerException] Controller class FilesController could not be found.
Exception Attributes: array (
  'class' => 'FilesController',
  'plugin' => NULL,
)
Request URL: /lynkd/files/blogimages/433d-animated-wallpaper.gif
Stack Trace:
#0 /home/trigmaus/public_html/subdomains/dev114/dev4/lynkd/app/webroot/index.php(108): Dispatcher->dispatch(Object(CakeRequest), Object(CakeResponse))
#1 {main}
2015-05-29 20:48:49 Error: [MissingControllerException] Controller class FilesController could not be found.
Exception Attributes: array (
  'class' => 'FilesController',
  'plugin' => NULL,
)
Request URL: /lynkd/files/blogimages/43animated%20wallpapers%20for%20mobile%205.png
Stack Trace:
#0 /home/trigmaus/public_html/subdomains/dev114/dev4/lynkd/app/webroot/index.php(108): Dispatcher->dispatch(Object(CakeRequest), Object(CakeResponse))
#1 {main}
2015-05-29 20:48:51 Error: [MissingControllerException] Controller class FilesController could not be found.
Exception Attributes: array (
  'class' => 'FilesController',
  'plugin' => NULL,
)
Request URL: /lynkd/files/blogimages/30INFOGRAPHICS.jpg
Stack Trace:
#0 /home/trigmaus/public_html/subdomains/dev114/dev4/lynkd/app/webroot/index.php(108): Dispatcher->dispatch(Object(CakeRequest), Object(CakeResponse))
#1 {main}
2015-05-29 20:49:27 Error: [MissingControllerException] Controller class CssController could not be found.
Exception Attributes: array (
  'class' => 'CssController',
  'plugin' => NULL,
)
Request URL: /lynkd/css/front/images/ui-bg_flat_75_ffffff_40x100.png
Stack Trace:
#0 /home/trigmaus/public_html/subdomains/dev114/dev4/lynkd/app/webroot/index.php(108): Dispatcher->dispatch(Object(CakeRequest), Object(CakeResponse))
#1 {main}
2015-05-29 20:50:16 Error: [MissingControllerException] Controller class CssController could not be found.
Exception Attributes: array (
  'class' => 'CssController',
  'plugin' => NULL,
)
Request URL: /lynkd/css/front/images/ui-bg_flat_75_ffffff_40x100.png
Stack Trace:
#0 /home/trigmaus/public_html/subdomains/dev114/dev4/lynkd/app/webroot/index.php(108): Dispatcher->dispatch(Object(CakeRequest), Object(CakeResponse))
#1 {main}
2015-05-29 20:51:33 Error: [MissingControllerException] Controller class CssController could not be found.
Exception Attributes: array (
  'class' => 'CssController',
  'plugin' => NULL,
)
Request URL: /lynkd/css/front/images/ui-bg_flat_75_ffffff_40x100.png
Stack Trace:
#0 /home/trigmaus/public_html/subdomains/dev114/dev4/lynkd/app/webroot/index.php(108): Dispatcher->dispatch(Object(CakeRequest), Object(CakeResponse))
#1 {main}
2015-05-29 20:51:35 Error: [MissingControllerException] Controller class FilesController could not be found.
Exception Attributes: array (
  'class' => 'FilesController',
  'plugin' => NULL,
)
Request URL: /lynkd/files/blogimages/43animated%20wallpapers%20for%20mobile%205.png
Stack Trace:
#0 /home/trigmaus/public_html/subdomains/dev114/dev4/lynkd/app/webroot/index.php(108): Dispatcher->dispatch(Object(CakeRequest), Object(CakeResponse))
#1 {main}
2015-05-29 20:51:35 Error: [MissingControllerException] Controller class FilesController could not be found.
Exception Attributes: array (
  'class' => 'FilesController',
  'plugin' => NULL,
)
Request URL: /lynkd/files/blogimages/433d-animated-wallpaper.gif
Stack Trace:
#0 /home/trigmaus/public_html/subdomains/dev114/dev4/lynkd/app/webroot/index.php(108): Dispatcher->dispatch(Object(CakeRequest), Object(CakeResponse))
#1 {main}
2015-05-29 20:51:38 Error: [MissingControllerException] Controller class FilesController could not be found.
Exception Attributes: array (
  'class' => 'FilesController',
  'plugin' => NULL,
)
Request URL: /lynkd/files/blogimages/30INFOGRAPHICS.jpg
Stack Trace:
#0 /home/trigmaus/public_html/subdomains/dev114/dev4/lynkd/app/webroot/index.php(108): Dispatcher->dispatch(Object(CakeRequest), Object(CakeResponse))
#1 {main}
2015-05-29 20:51:56 Error: [MissingViewException] View file "/home/trigmaus/public_html/subdomains/dev114/dev4/lynkd/app/View/Users/video_comment.ctp" is missing.
Exception Attributes: array (
  'file' => '/home/trigmaus/public_html/subdomains/dev114/dev4/lynkd/app/View/Users/video_comment.ctp',
)
Request URL: /lynkd/Users/video_comment
Stack Trace:
#0 /home/trigmaus/public_html/subdomains/dev114/dev4/lynkd/lib/Cake/View/View.php(468): View->_getViewFileName(NULL)
#1 /home/trigmaus/public_html/subdomains/dev114/dev4/lynkd/lib/Cake/Controller/Controller.php(954): View->render(NULL, NULL)
#2 /home/trigmaus/public_html/subdomains/dev114/dev4/lynkd/lib/Cake/Routing/Dispatcher.php(198): Controller->render()
#3 /home/trigmaus/public_html/subdomains/dev114/dev4/lynkd/lib/Cake/Routing/Dispatcher.php(165): Dispatcher->_invoke(Object(UsersController), Object(CakeRequest))
#4 /home/trigmaus/public_html/subdomains/dev114/dev4/lynkd/app/webroot/index.php(108): Dispatcher->dispatch(Object(CakeRequest), Object(CakeResponse))
#5 {main}
2015-05-29 20:52:25 Error: [MissingViewException] View file "/home/trigmaus/public_html/subdomains/dev114/dev4/lynkd/app/View/Users/video_comment.ctp" is missing.
Exception Attributes: array (
  'file' => '/home/trigmaus/public_html/subdomains/dev114/dev4/lynkd/app/View/Users/video_comment.ctp',
)
Request URL: /lynkd/Users/video_comment
Stack Trace:
#0 /home/trigmaus/public_html/subdomains/dev114/dev4/lynkd/lib/Cake/View/View.php(468): View->_getViewFileName(NULL)
#1 /home/trigmaus/public_html/subdomains/dev114/dev4/lynkd/lib/Cake/Controller/Controller.php(954): View->render(NULL, NULL)
#2 /home/trigmaus/public_html/subdomains/dev114/dev4/lynkd/lib/Cake/Routing/Dispatcher.php(198): Controller->render()
#3 /home/trigmaus/public_html/subdomains/dev114/dev4/lynkd/lib/Cake/Routing/Dispatcher.php(165): Dispatcher->_invoke(Object(UsersController), Object(CakeRequest))
#4 /home/trigmaus/public_html/subdomains/dev114/dev4/lynkd/app/webroot/index.php(108): Dispatcher->dispatch(Object(CakeRequest), Object(CakeResponse))
#5 {main}
2015-05-29 20:57:16 Error: [MissingControllerException] Controller class CssController could not be found.
Exception Attributes: array (
  'class' => 'CssController',
  'plugin' => NULL,
)
Request URL: /lynkd/css/front/images/ui-bg_flat_75_ffffff_40x100.png
Stack Trace:
#0 /home/trigmaus/public_html/subdomains/dev114/dev4/lynkd/app/webroot/index.php(108): Dispatcher->dispatch(Object(CakeRequest), Object(CakeResponse))
#1 {main}
2015-05-29 20:57:23 Error: [MissingControllerException] Controller class FilesController could not be found.
Exception Attributes: array (
  'class' => 'FilesController',
  'plugin' => NULL,
)
Request URL: /lynkd/files/blogimages/30INFOGRAPHICS.jpg
Stack Trace:
#0 /home/trigmaus/public_html/subdomains/dev114/dev4/lynkd/app/webroot/index.php(108): Dispatcher->dispatch(Object(CakeRequest), Object(CakeResponse))
#1 {main}
2015-05-29 20:58:04 Error: [MissingControllerException] Controller class FilesController could not be found.
Exception Attributes: array (
  'class' => 'FilesController',
  'plugin' => NULL,
)
Request URL: /lynkd/files/blogimages/30INFOGRAPHICS.jpg
Stack Trace:
#0 /home/trigmaus/public_html/subdomains/dev114/dev4/lynkd/app/webroot/index.php(108): Dispatcher->dispatch(Object(CakeRequest), Object(CakeResponse))
#1 {main}
2015-05-29 20:58:10 Error: [MissingControllerException] Controller class CssController could not be found.
Exception Attributes: array (
  'class' => 'CssController',
  'plugin' => NULL,
)
Request URL: /lynkd/css/front/images/ui-bg_flat_75_ffffff_40x100.png
Stack Trace:
#0 /home/trigmaus/public_html/subdomains/dev114/dev4/lynkd/app/webroot/index.php(108): Dispatcher->dispatch(Object(CakeRequest), Object(CakeResponse))
#1 {main}
2015-05-29 20:58:34 Error: [MissingControllerException] Controller class CssController could not be found.
Exception Attributes: array (
  'class' => 'CssController',
  'plugin' => NULL,
)
Request URL: /lynkd/css/front/images/ui-bg_flat_75_ffffff_40x100.png
Stack Trace:
#0 /home/trigmaus/public_html/subdomains/dev114/dev4/lynkd/app/webroot/index.php(108): Dispatcher->dispatch(Object(CakeRequest), Object(CakeResponse))
#1 {main}
2015-05-29 20:58:57 Error: [MissingControllerException] Controller class CssController could not be found.
Exception Attributes: array (
  'class' => 'CssController',
  'plugin' => NULL,
)
Request URL: /lynkd/css/front/images/ui-bg_flat_75_ffffff_40x100.png
Stack Trace:
#0 /home/trigmaus/public_html/subdomains/dev114/dev4/lynkd/app/webroot/index.php(108): Dispatcher->dispatch(Object(CakeRequest), Object(CakeResponse))
#1 {main}
2015-05-29 20:59:14 Error: [MissingControllerException] Controller class CssController could not be found.
Exception Attributes: array (
  'class' => 'CssController',
  'plugin' => NULL,
)
Request URL: /lynkd/css/front/images/ui-bg_flat_75_ffffff_40x100.png
Stack Trace:
#0 /home/trigmaus/public_html/subdomains/dev114/dev4/lynkd/app/webroot/index.php(108): Dispatcher->dispatch(Object(CakeRequest), Object(CakeResponse))
#1 {main}
2015-05-29 20:59:14 Error: [MissingControllerException] Controller class FilesController could not be found.
Exception Attributes: array (
  'class' => 'FilesController',
  'plugin' => NULL,
)
Request URL: /lynkd/files/blogimages/43animated%20wallpapers%20for%20mobile%205.png
Stack Trace:
#0 /home/trigmaus/public_html/subdomains/dev114/dev4/lynkd/app/webroot/index.php(108): Dispatcher->dispatch(Object(CakeRequest), Object(CakeResponse))
#1 {main}
2015-05-29 20:59:15 Error: [MissingControllerException] Controller class FilesController could not be found.
Exception Attributes: array (
  'class' => 'FilesController',
  'plugin' => NULL,
)
Request URL: /lynkd/files/blogimages/433d-animated-wallpaper.gif
Stack Trace:
#0 /home/trigmaus/public_html/subdomains/dev114/dev4/lynkd/app/webroot/index.php(108): Dispatcher->dispatch(Object(CakeRequest), Object(CakeResponse))
#1 {main}
2015-05-29 20:59:17 Error: [MissingControllerException] Controller class FilesController could not be found.
Exception Attributes: array (
  'class' => 'FilesController',
  'plugin' => NULL,
)
Request URL: /lynkd/files/blogimages/30INFOGRAPHICS.jpg
Stack Trace:
#0 /home/trigmaus/public_html/subdomains/dev114/dev4/lynkd/app/webroot/index.php(108): Dispatcher->dispatch(Object(CakeRequest), Object(CakeResponse))
#1 {main}
2015-05-29 20:59:25 Error: [MissingControllerException] Controller class FilesController could not be found.
Exception Attributes: array (
  'class' => 'FilesController',
  'plugin' => NULL,
)
Request URL: /lynkd/files/blogimages/30INFOGRAPHICS.jpg
Stack Trace:
#0 /home/trigmaus/public_html/subdomains/dev114/dev4/lynkd/app/webroot/index.php(108): Dispatcher->dispatch(Object(CakeRequest), Object(CakeResponse))
#1 {main}
2015-05-29 20:59:37 Error: [MissingControllerException] Controller class FilesController could not be found.
Exception Attributes: array (
  'class' => 'FilesController',
  'plugin' => NULL,
)
Request URL: /lynkd/files/blogimages/30INFOGRAPHICS.jpg
Stack Trace:
#0 /home/trigmaus/public_html/subdomains/dev114/dev4/lynkd/app/webroot/index.php(108): Dispatcher->dispatch(Object(CakeRequest), Object(CakeResponse))
#1 {main}
2015-05-29 20:59:41 Error: [MissingControllerException] Controller class FilesController could not be found.
Exception Attributes: array (
  'class' => 'FilesController',
  'plugin' => NULL,
)
Request URL: /lynkd/files/blogimages/43animated%20wallpapers%20for%20mobile%205.png
Stack Trace:
#0 /home/trigmaus/public_html/subdomains/dev114/dev4/lynkd/app/webroot/index.php(108): Dispatcher->dispatch(Object(CakeRequest), Object(CakeResponse))
#1 {main}
2015-05-29 20:59:41 Error: [MissingControllerException] Controller class FilesController could not be found.
Exception Attributes: array (
  'class' => 'FilesController',
  'plugin' => NULL,
)
Request URL: /lynkd/files/blogimages/433d-animated-wallpaper.gif
Stack Trace:
#0 /home/trigmaus/public_html/subdomains/dev114/dev4/lynkd/app/webroot/index.php(108): Dispatcher->dispatch(Object(CakeRequest), Object(CakeResponse))
#1 {main}
2015-05-29 20:59:42 Error: [MissingControllerException] Controller class FilesController could not be found.
Exception Attributes: array (
  'class' => 'FilesController',
  'plugin' => NULL,
)
Request URL: /lynkd/files/blogimages/30INFOGRAPHICS.jpg
Stack Trace:
#0 /home/trigmaus/public_html/subdomains/dev114/dev4/lynkd/app/webroot/index.php(108): Dispatcher->dispatch(Object(CakeRequest), Object(CakeResponse))
#1 {main}
2015-05-29 20:59:49 Error: [MissingControllerException] Controller class FilesController could not be found.
Exception Attributes: array (
  'class' => 'FilesController',
  'plugin' => NULL,
)
Request URL: /lynkd/files/blogimages/30INFOGRAPHICS.jpg
Stack Trace:
#0 /home/trigmaus/public_html/subdomains/dev114/dev4/lynkd/app/webroot/index.php(108): Dispatcher->dispatch(Object(CakeRequest), Object(CakeResponse))
#1 {main}
2015-05-29 20:59:57 Error: [MissingControllerException] Controller class FilesController could not be found.
Exception Attributes: array (
  'class' => 'FilesController',
  'plugin' => NULL,
)
Request URL: /lynkd/files/blogimages/30INFOGRAPHICS.jpg
Stack Trace:
#0 /home/trigmaus/public_html/subdomains/dev114/dev4/lynkd/app/webroot/index.php(108): Dispatcher->dispatch(Object(CakeRequest), Object(CakeResponse))
#1 {main}
2015-05-29 21:00:14 Error: [MissingControllerException] Controller class CssController could not be found.
Exception Attributes: array (
  'class' => 'CssController',
  'plugin' => NULL,
)
Request URL: /lynkd/css/front/images/ui-bg_flat_75_ffffff_40x100.png
Stack Trace:
#0 /home/trigmaus/public_html/subdomains/dev114/dev4/lynkd/app/webroot/index.php(108): Dispatcher->dispatch(Object(CakeRequest), Object(CakeResponse))
#1 {main}
2015-05-29 21:00:23 Error: [MissingControllerException] Controller class FilesController could not be found.
Exception Attributes: array (
  'class' => 'FilesController',
  'plugin' => NULL,
)
Request URL: /lynkd/files/blogimages/43animated%20wallpapers%20for%20mobile%205.png
Stack Trace:
#0 /home/trigmaus/public_html/subdomains/dev114/dev4/lynkd/app/webroot/index.php(108): Dispatcher->dispatch(Object(CakeRequest), Object(CakeResponse))
#1 {main}
2015-05-29 21:00:23 Error: [MissingControllerException] Controller class FilesController could not be found.
Exception Attributes: array (
  'class' => 'FilesController',
  'plugin' => NULL,
)
Request URL: /lynkd/files/blogimages/433d-animated-wallpaper.gif
Stack Trace:
#0 /home/trigmaus/public_html/subdomains/dev114/dev4/lynkd/app/webroot/index.php(108): Dispatcher->dispatch(Object(CakeRequest), Object(CakeResponse))
#1 {main}
2015-05-29 21:00:25 Error: [MissingControllerException] Controller class FilesController could not be found.
Exception Attributes: array (
  'class' => 'FilesController',
  'plugin' => NULL,
)
Request URL: /lynkd/files/blogimages/30INFOGRAPHICS.jpg
Stack Trace:
#0 /home/trigmaus/public_html/subdomains/dev114/dev4/lynkd/app/webroot/index.php(108): Dispatcher->dispatch(Object(CakeRequest), Object(CakeResponse))
#1 {main}
2015-05-29 21:00:42 Error: [MissingControllerException] Controller class FilesController could not be found.
Exception Attributes: array (
  'class' => 'FilesController',
  'plugin' => NULL,
)
Request URL: /lynkd/files/blogimages/43animated%20wallpapers%20for%20mobile%205.png
Stack Trace:
#0 /home/trigmaus/public_html/subdomains/dev114/dev4/lynkd/app/webroot/index.php(108): Dispatcher->dispatch(Object(CakeRequest), Object(CakeResponse))
#1 {main}
2015-05-29 21:00:43 Error: [MissingControllerException] Controller class FilesController could not be found.
Exception Attributes: array (
  'class' => 'FilesController',
  'plugin' => NULL,
)
Request URL: /lynkd/files/blogimages/30INFOGRAPHICS.jpg
Stack Trace:
#0 /home/trigmaus/public_html/subdomains/dev114/dev4/lynkd/app/webroot/index.php(108): Dispatcher->dispatch(Object(CakeRequest), Object(CakeResponse))
#1 {main}
2015-05-29 21:00:45 Error: [MissingViewException] View file "/home/trigmaus/public_html/subdomains/dev114/dev4/lynkd/app/View/Users/video_comment.ctp" is missing.
Exception Attributes: array (
  'file' => '/home/trigmaus/public_html/subdomains/dev114/dev4/lynkd/app/View/Users/video_comment.ctp',
)
Request URL: /lynkd/Users/video_comment
Stack Trace:
#0 /home/trigmaus/public_html/subdomains/dev114/dev4/lynkd/lib/Cake/View/View.php(468): View->_getViewFileName(NULL)
#1 /home/trigmaus/public_html/subdomains/dev114/dev4/lynkd/lib/Cake/Controller/Controller.php(954): View->render(NULL, NULL)
#2 /home/trigmaus/public_html/subdomains/dev114/dev4/lynkd/lib/Cake/Routing/Dispatcher.php(198): Controller->render()
#3 /home/trigmaus/public_html/subdomains/dev114/dev4/lynkd/lib/Cake/Routing/Dispatcher.php(165): Dispatcher->_invoke(Object(UsersController), Object(CakeRequest))
#4 /home/trigmaus/public_html/subdomains/dev114/dev4/lynkd/app/webroot/index.php(108): Dispatcher->dispatch(Object(CakeRequest), Object(CakeResponse))
#5 {main}
2015-05-29 21:00:59 Error: [MissingControllerException] Controller class FilesController could not be found.
Exception Attributes: array (
  'class' => 'FilesController',
  'plugin' => NULL,
)
Request URL: /lynkd/files/blogimages/43animated%20wallpapers%20for%20mobile%205.png
Stack Trace:
#0 /home/trigmaus/public_html/subdomains/dev114/dev4/lynkd/app/webroot/index.php(108): Dispatcher->dispatch(Object(CakeRequest), Object(CakeResponse))
#1 {main}
2015-05-29 21:01:02 Error: [MissingControllerException] Controller class FilesController could not be found.
Exception Attributes: array (
  'class' => 'FilesController',
  'plugin' => NULL,
)
Request URL: /lynkd/files/blogimages/30INFOGRAPHICS.jpg
Stack Trace:
#0 /home/trigmaus/public_html/subdomains/dev114/dev4/lynkd/app/webroot/index.php(108): Dispatcher->dispatch(Object(CakeRequest), Object(CakeResponse))
#1 {main}
2015-05-29 21:01:03 Error: [MissingControllerException] Controller class FilesController could not be found.
Exception Attributes: array (
  'class' => 'FilesController',
  'plugin' => NULL,
)
Request URL: /lynkd/files/blogimages/43animated%20wallpapers%20for%20mobile%205.png
Stack Trace:
#0 /home/trigmaus/public_html/subdomains/dev114/dev4/lynkd/app/webroot/index.php(108): Dispatcher->dispatch(Object(CakeRequest), Object(CakeResponse))
#1 {main}
2015-05-29 21:01:04 Error: [MissingControllerException] Controller class FilesController could not be found.
Exception Attributes: array (
  'class' => 'FilesController',
  'plugin' => NULL,
)
Request URL: /lynkd/files/blogimages/30INFOGRAPHICS.jpg
Stack Trace:
#0 /home/trigmaus/public_html/subdomains/dev114/dev4/lynkd/app/webroot/index.php(108): Dispatcher->dispatch(Object(CakeRequest), Object(CakeResponse))
#1 {main}
2015-05-29 21:01:10 Error: [MissingControllerException] Controller class FilesController could not be found.
Exception Attributes: array (
  'class' => 'FilesController',
  'plugin' => NULL,
)
Request URL: /lynkd/files/blogimages/30INFOGRAPHICS.jpg
Stack Trace:
#0 /home/trigmaus/public_html/subdomains/dev114/dev4/lynkd/app/webroot/index.php(108): Dispatcher->dispatch(Object(CakeRequest), Object(CakeResponse))
#1 {main}
2015-05-29 21:01:10 Error: [MissingControllerException] Controller class FilesController could not be found.
Exception Attributes: array (
  'class' => 'FilesController',
  'plugin' => NULL,
)
Request URL: /lynkd/files/blogimages/433d-animated-wallpaper.gif
Stack Trace:
#0 /home/trigmaus/public_html/subdomains/dev114/dev4/lynkd/app/webroot/index.php(108): Dispatcher->dispatch(Object(CakeRequest), Object(CakeResponse))
#1 {main}
2015-05-29 21:01:11 Error: [MissingControllerException] Controller class FilesController could not be found.
Exception Attributes: array (
  'class' => 'FilesController',
  'plugin' => NULL,
)
Request URL: /lynkd/files/blogimages/30INFOGRAPHICS.jpg
Stack Trace:
#0 /home/trigmaus/public_html/subdomains/dev114/dev4/lynkd/app/webroot/index.php(108): Dispatcher->dispatch(Object(CakeRequest), Object(CakeResponse))
#1 {main}
2015-05-29 21:01:13 Error: [MissingControllerException] Controller class FilesController could not be found.
Exception Attributes: array (
  'class' => 'FilesController',
  'plugin' => NULL,
)
Request URL: /lynkd/files/blogimages/30INFOGRAPHICS.jpg
Stack Trace:
#0 /home/trigmaus/public_html/subdomains/dev114/dev4/lynkd/app/webroot/index.php(108): Dispatcher->dispatch(Object(CakeRequest), Object(CakeResponse))
#1 {main}
2015-05-29 21:01:14 Error: [MissingControllerException] Controller class FilesController could not be found.
Exception Attributes: array (
  'class' => 'FilesController',
  'plugin' => NULL,
)
Request URL: /lynkd/files/blogimages/30INFOGRAPHICS.jpg
Stack Trace:
#0 /home/trigmaus/public_html/subdomains/dev114/dev4/lynkd/app/webroot/index.php(108): Dispatcher->dispatch(Object(CakeRequest), Object(CakeResponse))
#1 {main}
2015-05-29 21:01:22 Error: [MissingControllerException] Controller class FilesController could not be found.
Exception Attributes: array (
  'class' => 'FilesController',
  'plugin' => NULL,
)
Request URL: /lynkd/files/blogimages/30INFOGRAPHICS.jpg
Stack Trace:
#0 /home/trigmaus/public_html/subdomains/dev114/dev4/lynkd/app/webroot/index.php(108): Dispatcher->dispatch(Object(CakeRequest), Object(CakeResponse))
#1 {main}
2015-05-29 21:30:30 Error: [MissingControllerException] Controller class FilesController could not be found.
Exception Attributes: array (
  'class' => 'FilesController',
  'plugin' => NULL,
)
Request URL: /lynkd/files/blogimages/43animated%20wallpapers%20for%20mobile%205.png
Stack Trace:
#0 /home/trigmaus/public_html/subdomains/dev114/dev4/lynkd/app/webroot/index.php(108): Dispatcher->dispatch(Object(CakeRequest), Object(CakeResponse))
#1 {main}
2015-05-29 21:31:30 Error: [MissingControllerException] Controller class CssController could not be found.
Exception Attributes: array (
  'class' => 'CssController',
  'plugin' => NULL,
)
Request URL: /lynkd/css/front/images/ui-bg_flat_75_ffffff_40x100.png
Stack Trace:
#0 /home/trigmaus/public_html/subdomains/dev114/dev4/lynkd/app/webroot/index.php(108): Dispatcher->dispatch(Object(CakeRequest), Object(CakeResponse))
#1 {main}
2015-05-29 21:31:36 Error: [MissingControllerException] Controller class FilesController could not be found.
Exception Attributes: array (
  'class' => 'FilesController',
  'plugin' => NULL,
)
Request URL: /lynkd/files/blogimages/43animated%20wallpapers%20for%20mobile%205.png
Stack Trace:
#0 /home/trigmaus/public_html/subdomains/dev114/dev4/lynkd/app/webroot/index.php(108): Dispatcher->dispatch(Object(CakeRequest), Object(CakeResponse))
#1 {main}
2015-05-29 21:33:14 Error: [MissingControllerException] Controller class FilesController could not be found.
Exception Attributes: array (
  'class' => 'FilesController',
  'plugin' => NULL,
)
Request URL: /lynkd/files/blogimages/30INFOGRAPHICS.jpg
Stack Trace:
#0 /home/trigmaus/public_html/subdomains/dev114/dev4/lynkd/app/webroot/index.php(108): Dispatcher->dispatch(Object(CakeRequest), Object(CakeResponse))
#1 {main}
2015-05-29 21:33:15 Error: [MissingControllerException] Controller class FilesController could not be found.
Exception Attributes: array (
  'class' => 'FilesController',
  'plugin' => NULL,
)
Request URL: /lynkd/files/blogimages/30INFOGRAPHICS.jpg
Stack Trace:
#0 /home/trigmaus/public_html/subdomains/dev114/dev4/lynkd/app/webroot/index.php(108): Dispatcher->dispatch(Object(CakeRequest), Object(CakeResponse))
#1 {main}
2015-05-29 21:34:54 Error: [MissingControllerException] Controller class FilesController could not be found.
Exception Attributes: array (
  'class' => 'FilesController',
  'plugin' => NULL,
)
Request URL: /lynkd/files/blogimages/30INFOGRAPHICS.jpg
Stack Trace:
#0 /home/trigmaus/public_html/subdomains/dev114/dev4/lynkd/app/webroot/index.php(108): Dispatcher->dispatch(Object(CakeRequest), Object(CakeResponse))
#1 {main}
2015-05-29 21:34:58 Error: [MissingControllerException] Controller class FilesController could not be found.
Exception Attributes: array (
  'class' => 'FilesController',
  'plugin' => NULL,
)
Request URL: /lynkd/files/blogimages/30INFOGRAPHICS.jpg
Stack Trace:
#0 /home/trigmaus/public_html/subdomains/dev114/dev4/lynkd/app/webroot/index.php(108): Dispatcher->dispatch(Object(CakeRequest), Object(CakeResponse))
#1 {main}
2015-05-29 21:35:06 Error: [MissingControllerException] Controller class CssController could not be found.
Exception Attributes: array (
  'class' => 'CssController',
  'plugin' => NULL,
)
Request URL: /lynkd/css/front/images/ui-bg_flat_75_ffffff_40x100.png
Stack Trace:
#0 /home/trigmaus/public_html/subdomains/dev114/dev4/lynkd/app/webroot/index.php(108): Dispatcher->dispatch(Object(CakeRequest), Object(CakeResponse))
#1 {main}
2015-05-29 21:35:39 Error: [MissingControllerException] Controller class CssController could not be found.
Exception Attributes: array (
  'class' => 'CssController',
  'plugin' => NULL,
)
Request URL: /lynkd/css/front/images/ui-bg_flat_75_ffffff_40x100.png
Stack Trace:
#0 /home/trigmaus/public_html/subdomains/dev114/dev4/lynkd/app/webroot/index.php(108): Dispatcher->dispatch(Object(CakeRequest), Object(CakeResponse))
#1 {main}
2015-05-29 21:35:40 Error: [MissingControllerException] Controller class FilesController could not be found.
Exception Attributes: array (
  'class' => 'FilesController',
  'plugin' => NULL,
)
Request URL: /lynkd/files/blogimages/43animated%20wallpapers%20for%20mobile%205.png
Stack Trace:
#0 /home/trigmaus/public_html/subdomains/dev114/dev4/lynkd/app/webroot/index.php(108): Dispatcher->dispatch(Object(CakeRequest), Object(CakeResponse))
#1 {main}
2015-05-29 21:35:41 Error: [MissingControllerException] Controller class FilesController could not be found.
Exception Attributes: array (
  'class' => 'FilesController',
  'plugin' => NULL,
)
Request URL: /lynkd/files/blogimages/30INFOGRAPHICS.jpg
Stack Trace:
#0 /home/trigmaus/public_html/subdomains/dev114/dev4/lynkd/app/webroot/index.php(108): Dispatcher->dispatch(Object(CakeRequest), Object(CakeResponse))
#1 {main}
2015-05-29 21:35:59 Error: [MissingControllerException] Controller class CssController could not be found.
Exception Attributes: array (
  'class' => 'CssController',
  'plugin' => NULL,
)
Request URL: /lynkd/css/front/images/ui-bg_flat_75_ffffff_40x100.png
Stack Trace:
#0 /home/trigmaus/public_html/subdomains/dev114/dev4/lynkd/app/webroot/index.php(108): Dispatcher->dispatch(Object(CakeRequest), Object(CakeResponse))
#1 {main}
2015-05-29 21:37:30 Error: [MissingControllerException] Controller class FilesController could not be found.
Exception Attributes: array (
  'class' => 'FilesController',
  'plugin' => NULL,
)
Request URL: /lynkd/files/blogimages/43animated%20wallpapers%20for%20mobile%205.png
Stack Trace:
#0 /home/trigmaus/public_html/subdomains/dev114/dev4/lynkd/app/webroot/index.php(108): Dispatcher->dispatch(Object(CakeRequest), Object(CakeResponse))
#1 {main}
2015-05-29 21:37:54 Error: [MissingControllerException] Controller class FilesController could not be found.
Exception Attributes: array (
  'class' => 'FilesController',
  'plugin' => NULL,
)
Request URL: /lynkd/files/blogimages/43animated%20wallpapers%20for%20mobile%205.png
Stack Trace:
#0 /home/trigmaus/public_html/subdomains/dev114/dev4/lynkd/app/webroot/index.php(108): Dispatcher->dispatch(Object(CakeRequest), Object(CakeResponse))
#1 {main}
2015-05-29 21:38:18 Error: [MissingControllerException] Controller class CssController could not be found.
Exception Attributes: array (
  'class' => 'CssController',
  'plugin' => NULL,
)
Request URL: /lynkd/css/front/images/ui-bg_flat_75_ffffff_40x100.png
Stack Trace:
#0 /home/trigmaus/public_html/subdomains/dev114/dev4/lynkd/app/webroot/index.php(108): Dispatcher->dispatch(Object(CakeRequest), Object(CakeResponse))
#1 {main}
2015-05-29 21:39:39 Error: [MissingControllerException] Controller class CssController could not be found.
Exception Attributes: array (
  'class' => 'CssController',
  'plugin' => NULL,
)
Request URL: /lynkd/css/front/images/ui-bg_flat_75_ffffff_40x100.png
Stack Trace:
#0 /home/trigmaus/public_html/subdomains/dev114/dev4/lynkd/app/webroot/index.php(108): Dispatcher->dispatch(Object(CakeRequest), Object(CakeResponse))
#1 {main}
2015-05-29 21:41:40 Error: [MissingControllerException] Controller class CssController could not be found.
Exception Attributes: array (
  'class' => 'CssController',
  'plugin' => NULL,
)
Request URL: /lynkd/css/front/images/ui-bg_flat_75_ffffff_40x100.png
Stack Trace:
#0 /home/trigmaus/public_html/subdomains/dev114/dev4/lynkd/app/webroot/index.php(108): Dispatcher->dispatch(Object(CakeRequest), Object(CakeResponse))
#1 {main}
2015-05-29 21:44:15 Error: [MissingControllerException] Controller class CssController could not be found.
Exception Attributes: array (
  'class' => 'CssController',
  'plugin' => NULL,
)
Request URL: /lynkd/css/front/images/ui-bg_flat_75_ffffff_40x100.png
Stack Trace:
#0 /home/trigmaus/public_html/subdomains/dev114/dev4/lynkd/app/webroot/index.php(108): Dispatcher->dispatch(Object(CakeRequest), Object(CakeResponse))
#1 {main}
2015-05-29 21:45:40 Error: [MissingControllerException] Controller class CssController could not be found.
Exception Attributes: array (
  'class' => 'CssController',
  'plugin' => NULL,
)
Request URL: /lynkd/css/front/images/ui-bg_flat_75_ffffff_40x100.png
Stack Trace:
#0 /home/trigmaus/public_html/subdomains/dev114/dev4/lynkd/app/webroot/index.php(108): Dispatcher->dispatch(Object(CakeRequest), Object(CakeResponse))
#1 {main}
2015-05-29 21:50:58 Error: Fatal Error (4): syntax error, unexpected end of file in [/home/trigmaus/public_html/subdomains/dev114/dev4/lynkd/app/Controller/UsersController.php, line 619]
2015-05-29 21:50:58 Error: [FatalErrorException] syntax error, unexpected end of file
Request URL: /lynkd/users/get_friend_notifications/126
Stack Trace:
#0 /home/trigmaus/public_html/subdomains/dev114/dev4/lynkd/lib/Cake/Error/ErrorHandler.php(203): ErrorHandler::handleFatalError(4, 'syntax error, u...', '/home/trigmaus/...', 619)
#1 [internal function]: ErrorHandler::handleError(4, 'syntax error, u...', '/home/trigmaus/...', 619, Array)
#2 /home/trigmaus/public_html/subdomains/dev114/dev4/lynkd/lib/Cake/Core/App.php(931): call_user_func('ErrorHandler::h...', 4, 'syntax error, u...', '/home/trigmaus/...', 619, Array)
#3 /home/trigmaus/public_html/subdomains/dev114/dev4/lynkd/lib/Cake/Core/App.php(904): App::_checkFatalError()
#4 [internal function]: App::shutdown()
#5 {main}
2015-05-29 21:50:58 Error: Fatal Error (4): syntax error, unexpected '();' in [/home/trigmaus/public_html/subdomains/dev114/dev4/lynkd/app/Controller/UsersController.php, line 619]
2015-05-29 21:50:58 Error: [FatalErrorException] syntax error, unexpected '();'
Request URL: /lynkd/users/get_friend_count/126
Stack Trace:
#0 /home/trigmaus/public_html/subdomains/dev114/dev4/lynkd/lib/Cake/Error/ErrorHandler.php(203): ErrorHandler::handleFatalError(4, 'syntax error, u...', '/home/trigmaus/...', 619)
#1 [internal function]: ErrorHandler::handleError(4, 'syntax error, u...', '/home/trigmaus/...', 619, Array)
#2 /home/trigmaus/public_html/subdomains/dev114/dev4/lynkd/lib/Cake/Core/App.php(931): call_user_func('ErrorHandler::h...', 4, 'syntax error, u...', '/home/trigmaus/...', 619, Array)
#3 /home/trigmaus/public_html/subdomains/dev114/dev4/lynkd/lib/Cake/Core/App.php(904): App::_checkFatalError()
#4 [internal function]: App::shutdown()
#5 {main}
2015-05-29 21:51:04 Error: [MissingControllerException] Controller class CssController could not be found.
Exception Attributes: array (
  'class' => 'CssController',
  'plugin' => NULL,
)
Request URL: /lynkd/css/front/images/ui-bg_flat_75_ffffff_40x100.png
Stack Trace:
#0 /home/trigmaus/public_html/subdomains/dev114/dev4/lynkd/app/webroot/index.php(108): Dispatcher->dispatch(Object(CakeRequest), Object(CakeResponse))
#1 {main}
2015-05-29 21:51:57 Error: [MissingControllerException] Controller class FilesController could not be found.
Exception Attributes: array (
  'class' => 'FilesController',
  'plugin' => NULL,
)
Request URL: /lynkd/files/blogimages/30INFOGRAPHICS.jpg
Stack Trace:
#0 /home/trigmaus/public_html/subdomains/dev114/dev4/lynkd/app/webroot/index.php(108): Dispatcher->dispatch(Object(CakeRequest), Object(CakeResponse))
#1 {main}
2015-05-29 21:52:04 Error: [MissingControllerException] Controller class FilesController could not be found.
Exception Attributes: array (
  'class' => 'FilesController',
  'plugin' => NULL,
)
Request URL: /lynkd/files/blogimages/30INFOGRAPHICS.jpg
Stack Trace:
#0 /home/trigmaus/public_html/subdomains/dev114/dev4/lynkd/app/webroot/index.php(108): Dispatcher->dispatch(Object(CakeRequest), Object(CakeResponse))
#1 {main}
2015-05-29 21:52:16 Error: [MissingControllerException] Controller class FilesController could not be found.
Exception Attributes: array (
  'class' => 'FilesController',
  'plugin' => NULL,
)
Request URL: /lynkd/files/blogimages/30INFOGRAPHICS.jpg
Stack Trace:
#0 /home/trigmaus/public_html/subdomains/dev114/dev4/lynkd/app/webroot/index.php(108): Dispatcher->dispatch(Object(CakeRequest), Object(CakeResponse))
#1 {main}
2015-05-29 21:52:38 Error: [MissingControllerException] Controller class FilesController could not be found.
Exception Attributes: array (
  'class' => 'FilesController',
  'plugin' => NULL,
)
Request URL: /lynkd/files/blogimages/30INFOGRAPHICS.jpg
Stack Trace:
#0 /home/trigmaus/public_html/subdomains/dev114/dev4/lynkd/app/webroot/index.php(108): Dispatcher->dispatch(Object(CakeRequest), Object(CakeResponse))
#1 {main}
2015-05-29 21:52:56 Error: [MissingControllerException] Controller class FilesController could not be found.
Exception Attributes: array (
  'class' => 'FilesController',
  'plugin' => NULL,
)
Request URL: /lynkd/files/blogimages/30INFOGRAPHICS.jpg
Stack Trace:
#0 /home/trigmaus/public_html/subdomains/dev114/dev4/lynkd/app/webroot/index.php(108): Dispatcher->dispatch(Object(CakeRequest), Object(CakeResponse))
#1 {main}
2015-05-29 21:53:18 Error: [MissingControllerException] Controller class CssController could not be found.
Exception Attributes: array (
  'class' => 'CssController',
  'plugin' => NULL,
)
Request URL: /lynkd/css/front/images/ui-bg_flat_75_ffffff_40x100.png
Stack Trace:
#0 /home/trigmaus/public_html/subdomains/dev114/dev4/lynkd/app/webroot/index.php(108): Dispatcher->dispatch(Object(CakeRequest), Object(CakeResponse))
#1 {main}
2015-05-29 21:53:29 Error: [MissingControllerException] Controller class CssController could not be found.
Exception Attributes: array (
  'class' => 'CssController',
  'plugin' => NULL,
)
Request URL: /lynkd/css/front/images/ui-bg_flat_75_ffffff_40x100.png
Stack Trace:
#0 /home/trigmaus/public_html/subdomains/dev114/dev4/lynkd/app/webroot/index.php(108): Dispatcher->dispatch(Object(CakeRequest), Object(CakeResponse))
#1 {main}
2015-05-29 21:53:36 Error: [MissingControllerException] Controller class FilesController could not be found.
Exception Attributes: array (
  'class' => 'FilesController',
  'plugin' => NULL,
)
Request URL: /lynkd/files/blogimages/30INFOGRAPHICS.jpg
Stack Trace:
#0 /home/trigmaus/public_html/subdomains/dev114/dev4/lynkd/app/webroot/index.php(108): Dispatcher->dispatch(Object(CakeRequest), Object(CakeResponse))
#1 {main}
2015-05-29 21:54:03 Error: [MissingControllerException] Controller class FilesController could not be found.
Exception Attributes: array (
  'class' => 'FilesController',
  'plugin' => NULL,
)
Request URL: /lynkd/files/blogimages/30INFOGRAPHICS.jpg
Stack Trace:
#0 /home/trigmaus/public_html/subdomains/dev114/dev4/lynkd/app/webroot/index.php(108): Dispatcher->dispatch(Object(CakeRequest), Object(CakeResponse))
#1 {main}
2015-05-29 21:54:14 Error: [MissingControllerException] Controller class CssController could not be found.
Exception Attributes: array (
  'class' => 'CssController',
  'plugin' => NULL,
)
Request URL: /lynkd/css/front/images/ui-bg_flat_75_ffffff_40x100.png
Stack Trace:
#0 /home/trigmaus/public_html/subdomains/dev114/dev4/lynkd/app/webroot/index.php(108): Dispatcher->dispatch(Object(CakeRequest), Object(CakeResponse))
#1 {main}
2015-05-29 21:54:16 Error: [MissingControllerException] Controller class FilesController could not be found.
Exception Attributes: array (
  'class' => 'FilesController',
  'plugin' => NULL,
)
Request URL: /lynkd/files/blogimages/30INFOGRAPHICS.jpg
Stack Trace:
#0 /home/trigmaus/public_html/subdomains/dev114/dev4/lynkd/app/webroot/index.php(108): Dispatcher->dispatch(Object(CakeRequest), Object(CakeResponse))
#1 {main}
2015-05-29 21:54:24 Error: [MissingControllerException] Controller class CssController could not be found.
Exception Attributes: array (
  'class' => 'CssController',
  'plugin' => NULL,
)
Request URL: /lynkd/css/front/images/ui-bg_flat_75_ffffff_40x100.png
Stack Trace:
#0 /home/trigmaus/public_html/subdomains/dev114/dev4/lynkd/app/webroot/index.php(108): Dispatcher->dispatch(Object(CakeRequest), Object(CakeResponse))
#1 {main}
2015-05-29 21:54:31 Error: [MissingControllerException] Controller class CssController could not be found.
Exception Attributes: array (
  'class' => 'CssController',
  'plugin' => NULL,
)
Request URL: /lynkd/css/front/images/ui-bg_flat_75_ffffff_40x100.png
Stack Trace:
#0 /home/trigmaus/public_html/subdomains/dev114/dev4/lynkd/app/webroot/index.php(108): Dispatcher->dispatch(Object(CakeRequest), Object(CakeResponse))
#1 {main}
2015-05-29 21:54:37 Error: [MissingControllerException] Controller class FilesController could not be found.
Exception Attributes: array (
  'class' => 'FilesController',
  'plugin' => NULL,
)
Request URL: /lynkd/files/blogimages/30INFOGRAPHICS.jpg
Stack Trace:
#0 /home/trigmaus/public_html/subdomains/dev114/dev4/lynkd/app/webroot/index.php(108): Dispatcher->dispatch(Object(CakeRequest), Object(CakeResponse))
#1 {main}
2015-05-29 21:55:18 Error: [MissingControllerException] Controller class FilesController could not be found.
Exception Attributes: array (
  'class' => 'FilesController',
  'plugin' => NULL,
)
Request URL: /lynkd/files/blogimages/30INFOGRAPHICS.jpg
Stack Trace:
#0 /home/trigmaus/public_html/subdomains/dev114/dev4/lynkd/app/webroot/index.php(108): Dispatcher->dispatch(Object(CakeRequest), Object(CakeResponse))
#1 {main}
2015-05-29 21:55:31 Error: [MissingControllerException] Controller class CssController could not be found.
Exception Attributes: array (
  'class' => 'CssController',
  'plugin' => NULL,
)
Request URL: /lynkd/css/front/images/ui-bg_flat_75_ffffff_40x100.png
Stack Trace:
#0 /home/trigmaus/public_html/subdomains/dev114/dev4/lynkd/app/webroot/index.php(108): Dispatcher->dispatch(Object(CakeRequest), Object(CakeResponse))
#1 {main}
2015-05-29 21:55:41 Error: [MissingControllerException] Controller class CssController could not be found.
Exception Attributes: array (
  'class' => 'CssController',
  'plugin' => NULL,
)
Request URL: /lynkd/css/front/images/ui-bg_flat_75_ffffff_40x100.png
Stack Trace:
#0 /home/trigmaus/public_html/subdomains/dev114/dev4/lynkd/app/webroot/index.php(108): Dispatcher->dispatch(Object(CakeRequest), Object(CakeResponse))
#1 {main}
2015-05-29 21:59:04 Error: [MissingControllerException] Controller class CssController could not be found.
Exception Attributes: array (
  'class' => 'CssController',
  'plugin' => NULL,
)
Request URL: /lynkd/css/front/images/ui-bg_flat_75_ffffff_40x100.png
Stack Trace:
#0 /home/trigmaus/public_html/subdomains/dev114/dev4/lynkd/app/webroot/index.php(108): Dispatcher->dispatch(Object(CakeRequest), Object(CakeResponse))
#1 {main}
2015-05-29 21:59:55 Error: [MissingControllerException] Controller class CssController could not be found.
Exception Attributes: array (
  'class' => 'CssController',
  'plugin' => NULL,
)
Request URL: /lynkd/css/front/images/ui-bg_flat_75_ffffff_40x100.png
Stack Trace:
#0 /home/trigmaus/public_html/subdomains/dev114/dev4/lynkd/app/webroot/index.php(108): Dispatcher->dispatch(Object(CakeRequest), Object(CakeResponse))
#1 {main}
2015-05-29 22:00:44 Error: [MissingControllerException] Controller class CssController could not be found.
Exception Attributes: array (
  'class' => 'CssController',
  'plugin' => NULL,
)
Request URL: /lynkd/css/front/images/ui-bg_flat_75_ffffff_40x100.png
Stack Trace:
#0 /home/trigmaus/public_html/subdomains/dev114/dev4/lynkd/app/webroot/index.php(108): Dispatcher->dispatch(Object(CakeRequest), Object(CakeResponse))
#1 {main}
2015-05-29 22:01:25 Error: [MissingControllerException] Controller class CssController could not be found.
Exception Attributes: array (
  'class' => 'CssController',
  'plugin' => NULL,
)
Request URL: /lynkd/css/front/images/ui-bg_flat_75_ffffff_40x100.png
Stack Trace:
#0 /home/trigmaus/public_html/subdomains/dev114/dev4/lynkd/app/webroot/index.php(108): Dispatcher->dispatch(Object(CakeRequest), Object(CakeResponse))
#1 {main}
2015-05-29 22:01:53 Error: [MissingControllerException] Controller class CssController could not be found.
Exception Attributes: array (
  'class' => 'CssController',
  'plugin' => NULL,
)
Request URL: /lynkd/css/front/images/ui-bg_flat_75_ffffff_40x100.png
Stack Trace:
#0 /home/trigmaus/public_html/subdomains/dev114/dev4/lynkd/app/webroot/index.php(108): Dispatcher->dispatch(Object(CakeRequest), Object(CakeResponse))
#1 {main}
2015-05-29 22:02:03 Error: [MissingControllerException] Controller class CssController could not be found.
Exception Attributes: array (
  'class' => 'CssController',
  'plugin' => NULL,
)
Request URL: /lynkd/css/front/images/ui-bg_flat_75_ffffff_40x100.png
Stack Trace:
#0 /home/trigmaus/public_html/subdomains/dev114/dev4/lynkd/app/webroot/index.php(108): Dispatcher->dispatch(Object(CakeRequest), Object(CakeResponse))
#1 {main}
2015-05-29 22:03:19 Error: [MissingControllerException] Controller class CssController could not be found.
Exception Attributes: array (
  'class' => 'CssController',
  'plugin' => NULL,
)
Request URL: /lynkd/css/front/images/ui-bg_flat_75_ffffff_40x100.png
Stack Trace:
#0 /home/trigmaus/public_html/subdomains/dev114/dev4/lynkd/app/webroot/index.php(108): Dispatcher->dispatch(Object(CakeRequest), Object(CakeResponse))
#1 {main}
2015-05-29 22:03:47 Error: [MissingControllerException] Controller class CssController could not be found.
Exception Attributes: array (
  'class' => 'CssController',
  'plugin' => NULL,
)
Request URL: /lynkd/css/front/images/ui-bg_flat_75_ffffff_40x100.png
Stack Trace:
#0 /home/trigmaus/public_html/subdomains/dev114/dev4/lynkd/app/webroot/index.php(108): Dispatcher->dispatch(Object(CakeRequest), Object(CakeResponse))
#1 {main}
2015-05-29 22:07:17 Error: [MissingControllerException] Controller class CssController could not be found.
Exception Attributes: array (
  'class' => 'CssController',
  'plugin' => NULL,
)
Request URL: /lynkd/css/front/images/ui-bg_flat_75_ffffff_40x100.png
Stack Trace:
#0 /home/trigmaus/public_html/subdomains/dev114/dev4/lynkd/app/webroot/index.php(108): Dispatcher->dispatch(Object(CakeRequest), Object(CakeResponse))
#1 {main}
2015-05-29 22:07:27 Error: [MissingControllerException] Controller class CssController could not be found.
Exception Attributes: array (
  'class' => 'CssController',
  'plugin' => NULL,
)
Request URL: /lynkd/css/front/images/ui-bg_flat_75_ffffff_40x100.png
Stack Trace:
#0 /home/trigmaus/public_html/subdomains/dev114/dev4/lynkd/app/webroot/index.php(108): Dispatcher->dispatch(Object(CakeRequest), Object(CakeResponse))
#1 {main}
2015-05-29 22:07:38 Error: [MissingControllerException] Controller class CssController could not be found.
Exception Attributes: array (
  'class' => 'CssController',
  'plugin' => NULL,
)
Request URL: /lynkd/css/front/images/ui-bg_flat_75_ffffff_40x100.png
Stack Trace:
#0 /home/trigmaus/public_html/subdomains/dev114/dev4/lynkd/app/webroot/index.php(108): Dispatcher->dispatch(Object(CakeRequest), Object(CakeResponse))
#1 {main}
2015-05-29 22:08:45 Error: [MissingControllerException] Controller class CssController could not be found.
Exception Attributes: array (
  'class' => 'CssController',
  'plugin' => NULL,
)
Request URL: /lynkd/css/front/images/ui-bg_flat_75_ffffff_40x100.png
Stack Trace:
#0 /home/trigmaus/public_html/subdomains/dev114/dev4/lynkd/app/webroot/index.php(108): Dispatcher->dispatch(Object(CakeRequest), Object(CakeResponse))
#1 {main}
2015-05-29 22:10:56 Error: [MissingControllerException] Controller class CssController could not be found.
Exception Attributes: array (
  'class' => 'CssController',
  'plugin' => NULL,
)
Request URL: /lynkd/css/front/images/ui-bg_flat_75_ffffff_40x100.png
Stack Trace:
#0 /home/trigmaus/public_html/subdomains/dev114/dev4/lynkd/app/webroot/index.php(108): Dispatcher->dispatch(Object(CakeRequest), Object(CakeResponse))
#1 {main}
2015-05-29 22:11:09 Error: [MissingControllerException] Controller class CssController could not be found.
Exception Attributes: array (
  'class' => 'CssController',
  'plugin' => NULL,
)
Request URL: /lynkd/css/front/images/ui-bg_flat_75_ffffff_40x100.png
Stack Trace:
#0 /home/trigmaus/public_html/subdomains/dev114/dev4/lynkd/app/webroot/index.php(108): Dispatcher->dispatch(Object(CakeRequest), Object(CakeResponse))
#1 {main}
2015-05-29 22:11:41 Error: [MissingControllerException] Controller class CssController could not be found.
Exception Attributes: array (
  'class' => 'CssController',
  'plugin' => NULL,
)
Request URL: /lynkd/css/front/images/ui-bg_flat_75_ffffff_40x100.png
Stack Trace:
#0 /home/trigmaus/public_html/subdomains/dev114/dev4/lynkd/app/webroot/index.php(108): Dispatcher->dispatch(Object(CakeRequest), Object(CakeResponse))
#1 {main}
2015-05-29 22:13:38 Error: [MissingControllerException] Controller class CssController could not be found.
Exception Attributes: array (
  'class' => 'CssController',
  'plugin' => NULL,
)
Request URL: /lynkd/css/front/images/ui-bg_flat_75_ffffff_40x100.png
Stack Trace:
#0 /home/trigmaus/public_html/subdomains/dev114/dev4/lynkd/app/webroot/index.php(108): Dispatcher->dispatch(Object(CakeRequest), Object(CakeResponse))
#1 {main}
2015-05-29 22:13:43 Error: [MissingControllerException] Controller class CssController could not be found.
Exception Attributes: array (
  'class' => 'CssController',
  'plugin' => NULL,
)
Request URL: /lynkd/css/front/images/ui-bg_flat_75_ffffff_40x100.png
Stack Trace:
#0 /home/trigmaus/public_html/subdomains/dev114/dev4/lynkd/app/webroot/index.php(108): Dispatcher->dispatch(Object(CakeRequest), Object(CakeResponse))
#1 {main}
2015-05-29 22:14:40 Error: [MissingControllerException] Controller class CssController could not be found.
Exception Attributes: array (
  'class' => 'CssController',
  'plugin' => NULL,
)
Request URL: /lynkd/css/front/images/ui-bg_flat_75_ffffff_40x100.png
Stack Trace:
#0 /home/trigmaus/public_html/subdomains/dev114/dev4/lynkd/app/webroot/index.php(108): Dispatcher->dispatch(Object(CakeRequest), Object(CakeResponse))
#1 {main}
2015-05-29 22:15:41 Error: [MissingControllerException] Controller class CssController could not be found.
Exception Attributes: array (
  'class' => 'CssController',
  'plugin' => NULL,
)
Request URL: /lynkd/css/front/images/ui-bg_flat_75_ffffff_40x100.png
Stack Trace:
#0 /home/trigmaus/public_html/subdomains/dev114/dev4/lynkd/app/webroot/index.php(108): Dispatcher->dispatch(Object(CakeRequest), Object(CakeResponse))
#1 {main}
2015-05-29 22:16:20 Error: [MissingControllerException] Controller class CssController could not be found.
Exception Attributes: array (
  'class' => 'CssController',
  'plugin' => NULL,
)
Request URL: /lynkd/css/front/images/ui-bg_flat_75_ffffff_40x100.png
Stack Trace:
#0 /home/trigmaus/public_html/subdomains/dev114/dev4/lynkd/app/webroot/index.php(108): Dispatcher->dispatch(Object(CakeRequest), Object(CakeResponse))
#1 {main}
2015-05-29 22:16:35 Error: [MissingControllerException] Controller class CssController could not be found.
Exception Attributes: array (
  'class' => 'CssController',
  'plugin' => NULL,
)
Request URL: /lynkd/css/front/images/ui-bg_flat_75_ffffff_40x100.png
Stack Trace:
#0 /home/trigmaus/public_html/subdomains/dev114/dev4/lynkd/app/webroot/index.php(108): Dispatcher->dispatch(Object(CakeRequest), Object(CakeResponse))
#1 {main}
2015-05-29 22:17:27 Error: [MissingControllerException] Controller class CssController could not be found.
Exception Attributes: array (
  'class' => 'CssController',
  'plugin' => NULL,
)
Request URL: /lynkd/css/front/images/ui-bg_flat_75_ffffff_40x100.png
Stack Trace:
#0 /home/trigmaus/public_html/subdomains/dev114/dev4/lynkd/app/webroot/index.php(108): Dispatcher->dispatch(Object(CakeRequest), Object(CakeResponse))
#1 {main}
2015-05-29 22:18:37 Error: [MissingControllerException] Controller class CssController could not be found.
Exception Attributes: array (
  'class' => 'CssController',
  'plugin' => NULL,
)
Request URL: /lynkd/css/front/images/ui-bg_flat_75_ffffff_40x100.png
Stack Trace:
#0 /home/trigmaus/public_html/subdomains/dev114/dev4/lynkd/app/webroot/index.php(108): Dispatcher->dispatch(Object(CakeRequest), Object(CakeResponse))
#1 {main}
2015-05-29 22:50:56 Error: [MissingControllerException] Controller class FilesController could not be found.
Exception Attributes: array (
  'class' => 'FilesController',
  'plugin' => NULL,
)
Request URL: /lynkd/files/blogimages/30INFOGRAPHICS.jpg
Stack Trace:
#0 /home/trigmaus/public_html/subdomains/dev114/dev4/lynkd/app/webroot/index.php(108): Dispatcher->dispatch(Object(CakeRequest), Object(CakeResponse))
#1 {main}
2015-05-29 22:51:01 Error: [MissingControllerException] Controller class FilesController could not be found.
Exception Attributes: array (
  'class' => 'FilesController',
  'plugin' => NULL,
)
Request URL: /lynkd/files/blogimages/30INFOGRAPHICS.jpg
Stack Trace:
#0 /home/trigmaus/public_html/subdomains/dev114/dev4/lynkd/app/webroot/index.php(108): Dispatcher->dispatch(Object(CakeRequest), Object(CakeResponse))
#1 {main}
2015-05-29 22:51:54 Error: [MissingControllerException] Controller class FilesController could not be found.
Exception Attributes: array (
  'class' => 'FilesController',
  'plugin' => NULL,
)
Request URL: /lynkd/files/video/6App%20and%20Loading%20issue.mp4
Stack Trace:
#0 /home/trigmaus/public_html/subdomains/dev114/dev4/lynkd/app/webroot/index.php(108): Dispatcher->dispatch(Object(CakeRequest), Object(CakeResponse))
#1 {main}
2015-06-01 14:38:56 Error: [MissingControllerException] Controller class FilesController could not be found.
Exception Attributes: array (
  'class' => 'FilesController',
  'plugin' => NULL,
)
Request URL: /lynkd/files/blogimages/30INFOGRAPHICS.jpg
Stack Trace:
#0 /home/trigmaus/public_html/subdomains/dev114/dev4/lynkd/app/webroot/index.php(108): Dispatcher->dispatch(Object(CakeRequest), Object(CakeResponse))
#1 {main}
2015-06-01 14:39:07 Error: [MissingControllerException] Controller class CssController could not be found.
Exception Attributes: array (
  'class' => 'CssController',
  'plugin' => NULL,
)
Request URL: /lynkd/css/front/images/ui-bg_flat_75_ffffff_40x100.png
Stack Trace:
#0 /home/trigmaus/public_html/subdomains/dev114/dev4/lynkd/app/webroot/index.php(108): Dispatcher->dispatch(Object(CakeRequest), Object(CakeResponse))
#1 {main}
